#
# There is insufficient memory for the Java Runtime Environment to continue.
# Native memory allocation (malloc) failed to allocate 1304496 bytes. Error detail: Chunk::new
# Possible reasons:
#   The system is out of physical RAM or swap space
#   This process is running with CompressedOops enabled, and the Java Heap may be blocking the growth of the native heap
# Possible solutions:
#   Reduce memory load on the system
#   Increase physical memory or swap space
#   Check if swap backing store is full
#   Decrease Java heap size (-Xmx/-Xms)
#   Decrease number of Java threads
#   Decrease Java thread stack sizes (-Xss)
#   Set larger code cache with -XX:ReservedCodeCacheSize=
#   JVM is running with Zero Based Compressed Oops mode in which the Java heap is
#     placed in the first 32GB address space. The Java Heap base address is the
#     maximum limit for the native heap growth. Please use -XX:HeapBaseMinAddress
#     to set the Java Heap base and to place the Java Heap above 32GB virtual address.
# This output file may be truncated or incomplete.
#
#  Out of Memory Error (arena.cpp:168), pid=9208, tid=13624
#
# JRE version: OpenJDK Runtime Environment Temurin-21.0.10+7 (21.0.10+7) (build 21.0.10+7-LTS)
# Java VM: OpenJDK 64-Bit Server VM Temurin-21.0.10+7 (21.0.10+7-LTS, mixed mode, sharing, tiered, compressed oops, compressed class ptrs, g1 gc, windows-amd64)
# No core dump will be written. Minidumps are not enabled by default on client versions of Windows
#

---------------  S U M M A R Y ------------

Command Line: --add-opens=java.base/java.lang=ALL-UNNAMED --add-opens=java.base/java.lang.invoke=ALL-UNNAMED --add-opens=java.base/java.util=ALL-UNNAMED --add-opens=java.prefs/java.util.prefs=ALL-UNNAMED --add-exports=jdk.compiler/com.sun.tools.javac.api=ALL-UNNAMED --add-exports=jdk.compiler/com.sun.tools.javac.util=ALL-UNNAMED --add-opens=java.base/java.util=ALL-UNNAMED --add-opens=java.prefs/java.util.prefs=ALL-UNNAMED --add-opens=java.base/java.nio.charset=ALL-UNNAMED --add-opens=java.base/java.net=ALL-UNNAMED --add-opens=java.base/java.util.concurrent.atomic=ALL-UNNAMED --add-opens=java.xml/javax.xml.namespace=ALL-UNNAMED -XX:MaxMetaspaceSize=512m -XX:+HeapDumpOnOutOfMemoryError -Xmx4096m -Dfile.encoding=UTF-8 -Duser.country=IN -Duser.language=en -Duser.variant -javaagent:C:\Users\AFIS\.gradle\wrapper\dists\gradle-8.14.3-bin\cv11ve7ro1n3o1j4so8xd9n66\gradle-8.14.3\lib\agents\gradle-instrumentation-agent-8.14.3.jar org.gradle.launcher.daemon.bootstrap.GradleDaemon 8.14.3

Host: 11th Gen Intel(R) Core(TM) i3-1115G4 @ 3.00GHz, 4 cores, 7G,  Windows 11 , 64 bit Build 26100 (10.0.26100.8246)
Time: Mon Apr 20 17:28:20 2026 India Standard Time elapsed time: 227.828948 seconds (0d 0h 3m 47s)

---------------  T H R E A D  ---------------

Current thread (0x00000188211b3a70):  JavaThread "C2 CompilerThread0" daemon [_thread_in_native, id=13624, stack(0x0000005a4c000000,0x0000005a4c100000) (1024K)]


Current CompileTask:
C2:227829 20777       4       org.gradle.cache.internal.ExclusiveCacheAccessingWorker$$Lambda/0x000001882550e3d0::call (10 bytes)

Stack: [0x0000005a4c000000,0x0000005a4c100000]
Native frames: (J=compiled Java code, j=interpreted, Vv=VM code, C=native code)
V  [jvm.dll+0x6d7a39]
V  [jvm.dll+0x8b4b26]
V  [jvm.dll+0x8b70de]
V  [jvm.dll+0x8b77c3]
V  [jvm.dll+0x284346]
V  [jvm.dll+0xc66ed]
V  [jvm.dll+0xc6c31]
V  [jvm.dll+0x3bec01]
V  [jvm.dll+0x38b162]
V  [jvm.dll+0x38a5aa]
V  [jvm.dll+0x24c560]
V  [jvm.dll+0x24bb40]
V  [jvm.dll+0x1cb34e]
V  [jvm.dll+0x25b85d]
V  [jvm.dll+0x259dea]
V  [jvm.dll+0x3f857e]
V  [jvm.dll+0x85f59d]
V  [jvm.dll+0x6d626d]
C  [ucrtbase.dll+0x37b0]
C  [KERNEL32.DLL+0x2e8d7]
C  [ntdll.dll+0x8c3fc]


---------------  P R O C E S S  ---------------

Threads class SMR info:
_java_thread_list=0x000001884555a6b0, length=102, elements={
0x0000018809ddf5d0, 0x000001882118ab40, 0x000001882118b750, 0x000001882118f730,
0x0000018821190190, 0x0000018821190f50, 0x0000018821191ae0, 0x00000188211b3a70,
0x00000188211b8ba0, 0x00000188237a5f30, 0x00000188236c2fe0, 0x0000018844823fd0,
0x0000018843b4c170, 0x000001884480b280, 0x0000018843d0d950, 0x0000018844867e30,
0x0000018844815d20, 0x0000018844816760, 0x000001884316a570, 0x0000018843167780,
0x0000018843167e10, 0x00000188431684a0, 0x00000188431670f0, 0x00000188431691c0,
0x0000018843168b30, 0x0000018843169ee0, 0x00000188454f0770, 0x00000188454ef3c0,
0x00000188454f1490, 0x00000188454f00e0, 0x00000188454f1b20, 0x00000188454eed30,
0x00000188454f2840, 0x00000188454f4fa0, 0x00000188454f4910, 0x00000188454f5630,
0x00000188454f21b0, 0x00000188454f3bf0, 0x0000018844e482a0, 0x0000018844e46ef0,
0x0000018844e44e20, 0x0000018844e4aa00, 0x0000018844e4a370, 0x0000018844e4bdb0,
0x0000018844e48fc0, 0x0000018844e4b720, 0x0000018844e49650, 0x0000018844e49ce0,
0x0000018844e4b090, 0x0000018845767220, 0x0000018845766b90, 0x0000018845768c60,
0x0000018845f93990, 0x0000018845f91f50, 0x0000018845f93300, 0x0000018845f95a60,
0x00000188486f7450, 0x00000188486f6dc0, 0x00000188486f4660, 0x00000188486f8170,
0x00000188486f4cf0, 0x00000188486f8800, 0x00000188486f3fd0, 0x00000188486f5380,
0x00000188486f60a0, 0x00000188486f7ae0, 0x00000188486f8e90, 0x00000188486f5a10,
0x00000188486f9520, 0x00000188486f9bb0, 0x00000188486fa240, 0x00000188486faf60,
0x00000188486fb5f0, 0x00000188486fa8d0, 0x0000018845f960f0, 0x0000018845f94d40,
0x000001884d640ab0, 0x000001884d6480d0, 0x000001884d645970, 0x000001884d646000,
0x000001884d646690, 0x000001884d646d20, 0x000001884d6473b0, 0x0000018845f94020,
0x0000018845f97b30, 0x0000018845f98ee0, 0x0000018845f981c0, 0x0000018845f96780,
0x0000018845f98850, 0x000001884e065140, 0x000001884e063d90, 0x000001884e0664f0,
0x000001884e066b80, 0x0000018846ec7b60, 0x0000018846ec81f0, 0x0000018846ec8880,
0x0000018846eca950, 0x0000018846ecafe0, 0x0000018846ec6e40, 0x0000018846eca2c0,
0x000001884e064420, 0x000001884d075840
}

Java Threads: ( => current thread )
  0x0000018809ddf5d0 JavaThread "main"                              [_thread_blocked, id=27344, stack(0x0000005a4b200000,0x0000005a4b300000) (1024K)]
  0x000001882118ab40 JavaThread "Reference Handler"          daemon [_thread_blocked, id=25980, stack(0x0000005a4ba00000,0x0000005a4bb00000) (1024K)]
  0x000001882118b750 JavaThread "Finalizer"                  daemon [_thread_blocked, id=19596, stack(0x0000005a4bb00000,0x0000005a4bc00000) (1024K)]
  0x000001882118f730 JavaThread "Signal Dispatcher"          daemon [_thread_blocked, id=26960, stack(0x0000005a4bc00000,0x0000005a4bd00000) (1024K)]
  0x0000018821190190 JavaThread "Attach Listener"            daemon [_thread_blocked, id=18672, stack(0x0000005a4bd00000,0x0000005a4be00000) (1024K)]
  0x0000018821190f50 JavaThread "Service Thread"             daemon [_thread_blocked, id=27356, stack(0x0000005a4be00000,0x0000005a4bf00000) (1024K)]
  0x0000018821191ae0 JavaThread "Monitor Deflation Thread"   daemon [_thread_blocked, id=18928, stack(0x0000005a4bf00000,0x0000005a4c000000) (1024K)]
=>0x00000188211b3a70 JavaThread "C2 CompilerThread0"         daemon [_thread_in_native, id=13624, stack(0x0000005a4c000000,0x0000005a4c100000) (1024K)]
  0x00000188211b8ba0 JavaThread "C1 CompilerThread0"         daemon [_thread_blocked, id=14372, stack(0x0000005a4c100000,0x0000005a4c200000) (1024K)]
  0x00000188237a5f30 JavaThread "Common-Cleaner"             daemon [_thread_blocked, id=24692, stack(0x0000005a4c200000,0x0000005a4c300000) (1024K)]
  0x00000188236c2fe0 JavaThread "Notification Thread"        daemon [_thread_blocked, id=10680, stack(0x0000005a4c300000,0x0000005a4c400000) (1024K)]
  0x0000018844823fd0 JavaThread "Daemon health stats"               [_thread_blocked, id=20620, stack(0x0000005a4c800000,0x0000005a4c900000) (1024K)]
  0x0000018843b4c170 JavaThread "Incoming local TCP Connector on port 63109"        [_thread_in_native, id=16576, stack(0x0000005a4c900000,0x0000005a4ca00000) (1024K)]
  0x000001884480b280 JavaThread "Daemon periodic checks"            [_thread_blocked, id=24772, stack(0x0000005a4ca00000,0x0000005a4cb00000) (1024K)]
  0x0000018843d0d950 JavaThread "Daemon"                            [_thread_blocked, id=15780, stack(0x0000005a4cb00000,0x0000005a4cc00000) (1024K)]
  0x0000018844867e30 JavaThread "Handler for socket connection from /127.0.0.1:63109 to /127.0.0.1:63110"        [_thread_in_native, id=20920, stack(0x0000005a4cc00000,0x0000005a4cd00000) (1024K)]
  0x0000018844815d20 JavaThread "Cancel handler"                    [_thread_blocked, id=8612, stack(0x0000005a4cd00000,0x0000005a4ce00000) (1024K)]
  0x0000018844816760 JavaThread "Daemon worker"                     [_thread_blocked, id=24140, stack(0x0000005a4ce00000,0x0000005a4cf00000) (1024K)]
  0x000001884316a570 JavaThread "Asynchronous log dispatcher for DefaultDaemonConnection: socket connection from /127.0.0.1:63109 to /127.0.0.1:63110"        [_thread_blocked, id=25580, stack(0x0000005a4cf00000,0x0000005a4d000000) (1024K)]
  0x0000018843167780 JavaThread "Stdin handler"                     [_thread_blocked, id=22388, stack(0x0000005a4d000000,0x0000005a4d100000) (1024K)]
  0x0000018843167e10 JavaThread "Daemon client event forwarder"        [_thread_blocked, id=26452, stack(0x0000005a4d100000,0x0000005a4d200000) (1024K)]
  0x00000188431684a0 JavaThread "Cache worker for journal cache (C:\Users\AFIS\.gradle\caches\journal-1)"        [_thread_blocked, id=18628, stack(0x0000005a4d200000,0x0000005a4d300000) (1024K)]
  0x00000188431670f0 JavaThread "File lock request listener"        [_thread_in_native, id=21472, stack(0x0000005a4d300000,0x0000005a4d400000) (1024K)]
  0x00000188431691c0 JavaThread "Cache worker for file hash cache (C:\Users\AFIS\.gradle\caches\8.14.3\fileHashes)"        [_thread_in_native, id=24972, stack(0x0000005a4d400000,0x0000005a4d500000) (1024K)]
  0x0000018843168b30 JavaThread "Cache worker for file hash cache (C:\Users\AFIS\Desktop\ReactNativeIMC\TaskPrimeSAS\android\.gradle\8.14.3\fileHashes)"        [_thread_blocked, id=22472, stack(0x0000005a4d500000,0x0000005a4d600000) (1024K)]
  0x0000018843169ee0 JavaThread "Cache worker for Build Output Cleanup Cache (C:\Users\AFIS\Desktop\ReactNativeIMC\TaskPrimeSAS\android\.gradle\buildOutputCleanup)"        [_thread_blocked, id=17284, stack(0x0000005a4d600000,0x0000005a4d700000) (1024K)]
  0x00000188454f0770 JavaThread "File watcher server"        daemon [_thread_in_native, id=18420, stack(0x0000005a4d700000,0x0000005a4d800000) (1024K)]
  0x00000188454ef3c0 JavaThread "File watcher consumer"      daemon [_thread_blocked, id=15372, stack(0x0000005a4d800000,0x0000005a4d900000) (1024K)]
  0x00000188454f1490 JavaThread "jar transforms"                    [_thread_blocked, id=20276, stack(0x0000005a4d900000,0x0000005a4da00000) (1024K)]
  0x00000188454f00e0 JavaThread "Cache worker for checksums cache (C:\Users\AFIS\Desktop\ReactNativeIMC\TaskPrimeSAS\android\.gradle\8.14.3\checksums)"        [_thread_blocked, id=24156, stack(0x0000005a4da00000,0x0000005a4db00000) (1024K)]
  0x00000188454f1b20 JavaThread "Cache worker for file content cache (C:\Users\AFIS\.gradle\caches\8.14.3\fileContent)"        [_thread_blocked, id=9812, stack(0x0000005a4db00000,0x0000005a4dc00000) (1024K)]
  0x00000188454eed30 JavaThread "Cache worker for cache directory md-supplier (C:\Users\AFIS\.gradle\caches\8.14.3\md-supplier)"        [_thread_blocked, id=22784, stack(0x0000005a4dc00000,0x0000005a4dd00000) (1024K)]
  0x00000188454f2840 JavaThread "Cache worker for cache directory md-rule (C:\Users\AFIS\.gradle\caches\8.14.3\md-rule)"        [_thread_blocked, id=18632, stack(0x0000005a4dd00000,0x0000005a4de00000) (1024K)]
  0x00000188454f4fa0 JavaThread "Problems report writer"            [_thread_blocked, id=15180, stack(0x0000005a4de00000,0x0000005a4df00000) (1024K)]
  0x00000188454f4910 JavaThread "jar transforms Thread 2"           [_thread_blocked, id=22644, stack(0x0000005a4df00000,0x0000005a4e000000) (1024K)]
  0x00000188454f5630 JavaThread "jar transforms Thread 3"           [_thread_blocked, id=10028, stack(0x0000005a4c700000,0x0000005a4c800000) (1024K)]
  0x00000188454f21b0 JavaThread "jar transforms Thread 4"           [_thread_blocked, id=5252, stack(0x0000005a4e000000,0x0000005a4e100000) (1024K)]
  0x00000188454f3bf0 JavaThread "Cache worker for Build Output Cleanup Cache (C:\Users\AFIS\Desktop\ReactNativeIMC\TaskPrimeSAS\node_modules\@react-native\gradle-plugin\.gradle\buildOutputCleanup)"        [_thread_blocked, id=19888, stack(0x0000005a4e100000,0x0000005a4e200000) (1024K)]
  0x0000018844e482a0 JavaThread "Cache worker for Build Output Cleanup Cache (C:\Users\AFIS\Desktop\ReactNativeIMC\TaskPrimeSAS\node_modules\expo-modules-autolinking\android\expo-gradle-plugin\.gradle\buildOutputCleanup)"        [_thread_blocked, id=23580, stack(0x0000005a4e500000,0x0000005a4e600000) (1024K)]
  0x0000018844e46ef0 JavaThread "Cache worker for Build Output Cleanup Cache (C:\Users\AFIS\Desktop\ReactNativeIMC\TaskPrimeSAS\node_modules\expo-dev-launcher\expo-dev-launcher-gradle-plugin\.gradle\buildOutputCleanup)"        [_thread_blocked, id=25344, stack(0x0000005a4e600000,0x0000005a4e700000) (1024K)]
  0x0000018844e44e20 JavaThread "Cache worker for Build Output Cleanup Cache (C:\Users\AFIS\Desktop\ReactNativeIMC\TaskPrimeSAS\node_modules\expo-modules-core\expo-module-gradle-plugin\.gradle\buildOutputCleanup)"        [_thread_blocked, id=27420, stack(0x0000005a4e700000,0x0000005a4e800000) (1024K)]
  0x0000018844e4aa00 JavaThread "Unconstrained build operations"        [_thread_blocked, id=23208, stack(0x0000005a4e800000,0x0000005a4e900000) (1024K)]
  0x0000018844e4a370 JavaThread "Unconstrained build operations Thread 2"        [_thread_blocked, id=22492, stack(0x0000005a4e900000,0x0000005a4ea00000) (1024K)]
  0x0000018844e4bdb0 JavaThread "Unconstrained build operations Thread 3"        [_thread_blocked, id=20468, stack(0x0000005a4ea00000,0x0000005a4eb00000) (1024K)]
  0x0000018844e48fc0 JavaThread "Unconstrained build operations Thread 4"        [_thread_blocked, id=15136, stack(0x0000005a4eb00000,0x0000005a4ec00000) (1024K)]
  0x0000018844e4b720 JavaThread "Unconstrained build operations Thread 5"        [_thread_blocked, id=17908, stack(0x0000005a4ec00000,0x0000005a4ed00000) (1024K)]
  0x0000018844e49650 JavaThread "Unconstrained build operations Thread 6"        [_thread_blocked, id=16764, stack(0x0000005a4ed00000,0x0000005a4ee00000) (1024K)]
  0x0000018844e49ce0 JavaThread "Unconstrained build operations Thread 7"        [_thread_blocked, id=7708, stack(0x0000005a4ee00000,0x0000005a4ef00000) (1024K)]
  0x0000018844e4b090 JavaThread "Unconstrained build operations Thread 8"        [_thread_blocked, id=21608, stack(0x0000005a4ef00000,0x0000005a4f000000) (1024K)]
  0x0000018845767220 JavaThread "Unconstrained build operations Thread 9"        [_thread_blocked, id=24836, stack(0x0000005a4f000000,0x0000005a4f100000) (1024K)]
  0x0000018845766b90 JavaThread "build event listener"              [_thread_blocked, id=5212, stack(0x0000005a4f200000,0x0000005a4f300000) (1024K)]
  0x0000018845768c60 JavaThread "Memory manager"                    [_thread_blocked, id=4716, stack(0x0000005a4f100000,0x0000005a4f200000) (1024K)]
  0x0000018845f93990 JavaThread "Unconstrained build operations Thread 10"        [_thread_blocked, id=26408, stack(0x0000005a4f300000,0x0000005a4f400000) (1024K)]
  0x0000018845f91f50 JavaThread "Unconstrained build operations Thread 11"        [_thread_blocked, id=24164, stack(0x0000005a4f500000,0x0000005a4f600000) (1024K)]
  0x0000018845f93300 JavaThread "Unconstrained build operations Thread 12"        [_thread_blocked, id=17240, stack(0x0000005a4f600000,0x0000005a4f700000) (1024K)]
  0x0000018845f95a60 JavaThread "build event listener"              [_thread_blocked, id=18768, stack(0x0000005a4f700000,0x0000005a4f800000) (1024K)]
  0x00000188486f7450 JavaThread "Unconstrained build operations Thread 13"        [_thread_blocked, id=5428, stack(0x0000005a4f900000,0x0000005a4fa00000) (1024K)]
  0x00000188486f6dc0 JavaThread "Unconstrained build operations Thread 14"        [_thread_blocked, id=25264, stack(0x0000005a4fa00000,0x0000005a4fb00000) (1024K)]
  0x00000188486f4660 JavaThread "Unconstrained build operations Thread 15"        [_thread_blocked, id=26012, stack(0x0000005a4fb00000,0x0000005a4fc00000) (1024K)]
  0x00000188486f8170 JavaThread "Unconstrained build operations Thread 16"        [_thread_blocked, id=15632, stack(0x0000005a4fc00000,0x0000005a4fd00000) (1024K)]
  0x00000188486f4cf0 JavaThread "Unconstrained build operations Thread 17"        [_thread_blocked, id=19268, stack(0x0000005a4fd00000,0x0000005a4fe00000) (1024K)]
  0x00000188486f8800 JavaThread "Unconstrained build operations Thread 18"        [_thread_in_native, id=3296, stack(0x0000005a4fe00000,0x0000005a4ff00000) (1024K)]
  0x00000188486f3fd0 JavaThread "Unconstrained build operations Thread 19"        [_thread_blocked, id=26072, stack(0x0000005a4f800000,0x0000005a4f900000) (1024K)]
  0x00000188486f5380 JavaThread "Unconstrained build operations Thread 20"        [_thread_in_native, id=27184, stack(0x0000005a4ff00000,0x0000005a50000000) (1024K)]
  0x00000188486f60a0 JavaThread "Unconstrained build operations Thread 21"        [_thread_in_native, id=8552, stack(0x0000005a50000000,0x0000005a50100000) (1024K)]
  0x00000188486f7ae0 JavaThread "Unconstrained build operations Thread 22"        [_thread_blocked, id=26744, stack(0x0000005a50200000,0x0000005a50300000) (1024K)]
  0x00000188486f8e90 JavaThread "Unconstrained build operations Thread 23"        [_thread_blocked, id=2772, stack(0x0000005a50300000,0x0000005a50400000) (1024K)]
  0x00000188486f5a10 JavaThread "Unconstrained build operations Thread 24"        [_thread_blocked, id=5792, stack(0x0000005a50400000,0x0000005a50500000) (1024K)]
  0x00000188486f9520 JavaThread "Unconstrained build operations Thread 25"        [_thread_blocked, id=22024, stack(0x0000005a50500000,0x0000005a50600000) (1024K)]
  0x00000188486f9bb0 JavaThread "Unconstrained build operations Thread 26"        [_thread_blocked, id=8872, stack(0x0000005a50600000,0x0000005a50700000) (1024K)]
  0x00000188486fa240 JavaThread "Unconstrained build operations Thread 27"        [_thread_blocked, id=19068, stack(0x0000005a50700000,0x0000005a50800000) (1024K)]
  0x00000188486faf60 JavaThread "build event listener"              [_thread_blocked, id=24760, stack(0x0000005a50800000,0x0000005a50900000) (1024K)]
  0x00000188486fb5f0 JavaThread "Unconstrained build operations Thread 28"        [_thread_blocked, id=13952, stack(0x0000005a50900000,0x0000005a50a00000) (1024K)]
  0x00000188486fa8d0 JavaThread "Unconstrained build operations Thread 29"        [_thread_blocked, id=21396, stack(0x0000005a50a00000,0x0000005a50b00000) (1024K)]
  0x0000018845f960f0 JavaThread "Unconstrained build operations Thread 30"        [_thread_blocked, id=27576, stack(0x0000005a50b00000,0x0000005a50c00000) (1024K)]
  0x0000018845f94d40 JavaThread "build event listener"              [_thread_blocked, id=12312, stack(0x0000005a50c00000,0x0000005a50d00000) (1024K)]
  0x000001884d640ab0 JavaThread "ForkJoinPool.commonPool-worker-3" daemon [_thread_blocked, id=10976, stack(0x0000005a4b100000,0x0000005a4b200000) (1024K)]
  0x000001884d6480d0 JavaThread "Execution worker"                  [_thread_blocked, id=9804, stack(0x0000005a51200000,0x0000005a51300000) (1024K)]
  0x000001884d645970 JavaThread "Execution worker Thread 2"         [_thread_blocked, id=7104, stack(0x0000005a51300000,0x0000005a51400000) (1024K)]
  0x000001884d646000 JavaThread "Execution worker Thread 3"         [_thread_blocked, id=26656, stack(0x0000005a51400000,0x0000005a51500000) (1024K)]
  0x000001884d646690 JavaThread "Cache worker for execution history cache (C:\Users\AFIS\Desktop\ReactNativeIMC\TaskPrimeSAS\node_modules\@react-native\gradle-plugin\.gradle\8.14.3\executionHistory)"        [_thread_blocked, id=24392, stack(0x0000005a51500000,0x0000005a51600000) (1024K)]
  0x000001884d646d20 JavaThread "Cache worker for execution history cache (C:\Users\AFIS\Desktop\ReactNativeIMC\TaskPrimeSAS\node_modules\expo-dev-launcher\expo-dev-launcher-gradle-plugin\.gradle\8.14.3\executionHistory)"        [_thread_blocked, id=23692, stack(0x0000005a51600000,0x0000005a51700000) (1024K)]
  0x000001884d6473b0 JavaThread "Cache worker for execution history cache (C:\Users\AFIS\Desktop\ReactNativeIMC\TaskPrimeSAS\node_modules\expo-modules-core\expo-module-gradle-plugin\.gradle\8.14.3\executionHistory)"        [_thread_blocked, id=19900, stack(0x0000005a51700000,0x0000005a51800000) (1024K)]
  0x0000018845f94020 JavaThread "Unconstrained build operations Thread 31"        [_thread_blocked, id=20748, stack(0x0000005a51900000,0x0000005a51a00000) (1024K)]
  0x0000018845f97b30 JavaThread "Unconstrained build operations Thread 32"        [_thread_blocked, id=1836, stack(0x0000005a51a00000,0x0000005a51b00000) (1024K)]
  0x0000018845f98ee0 JavaThread "Unconstrained build operations Thread 33"        [_thread_blocked, id=26368, stack(0x0000005a51b00000,0x0000005a51c00000) (1024K)]
  0x0000018845f981c0 JavaThread "Unconstrained build operations Thread 34"        [_thread_blocked, id=23168, stack(0x0000005a51c00000,0x0000005a51d00000) (1024K)]
  0x0000018845f96780 JavaThread "Unconstrained build operations Thread 35"        [_thread_blocked, id=25380, stack(0x0000005a51d00000,0x0000005a51e00000) (1024K)]
  0x0000018845f98850 JavaThread "Unconstrained build operations Thread 36"        [_thread_blocked, id=13216, stack(0x0000005a51e00000,0x0000005a51f00000) (1024K)]
  0x000001884e065140 JavaThread "Unconstrained build operations Thread 37"        [_thread_blocked, id=23824, stack(0x0000005a51f00000,0x0000005a52000000) (1024K)]
  0x000001884e063d90 JavaThread "Unconstrained build operations Thread 38"        [_thread_blocked, id=10604, stack(0x0000005a52000000,0x0000005a52100000) (1024K)]
  0x000001884e0664f0 JavaThread "Unconstrained build operations Thread 39"        [_thread_blocked, id=12984, stack(0x0000005a52100000,0x0000005a52200000) (1024K)]
  0x000001884e066b80 JavaThread "Unconstrained build operations Thread 40"        [_thread_blocked, id=17596, stack(0x0000005a51800000,0x0000005a51900000) (1024K)]
  0x0000018846ec7b60 JavaThread "WorkerExecutor Queue"              [_thread_blocked, id=15164, stack(0x0000005a52300000,0x0000005a52400000) (1024K)]
  0x0000018846ec81f0 JavaThread "WorkerExecutor Queue Thread 2"        [_thread_blocked, id=17460, stack(0x0000005a52400000,0x0000005a52500000) (1024K)]
  0x0000018846ec8880 JavaThread "RMI Scheduler(0)"           daemon [_thread_blocked, id=916, stack(0x0000005a52200000,0x0000005a52300000) (1024K)]
  0x0000018846eca950 JavaThread "RMI TCP Accept-0"           daemon [_thread_in_native, id=18828, stack(0x0000005a52a00000,0x0000005a52b00000) (1024K)]
  0x0000018846ecafe0 JavaThread "File lock release action executor Thread 3"        [_thread_blocked, id=3644, stack(0x0000005a4e200000,0x0000005a4e300000) (1024K)]
  0x0000018846ec6e40 JavaThread "build event listener"              [_thread_blocked, id=14860, stack(0x0000005a4e300000,0x0000005a4e400000) (1024K)]
  0x0000018846eca2c0 JavaThread "Exec process Thread 4"             [_thread_blocked, id=13696, stack(0x0000005a4e400000,0x0000005a4e500000) (1024K)]
  0x000001884e064420 JavaThread "Exec process Thread 5"             [_thread_blocked, id=24716, stack(0x0000005a50100000,0x0000005a50200000) (1024K)]
  0x000001884d075840 JavaThread "Exec process Thread 6"             [_thread_blocked, id=26512, stack(0x0000005a50d00000,0x0000005a50e00000) (1024K)]
Total: 102

Other Threads:
  0x000001882116b950 VMThread "VM Thread"                           [id=17616, stack(0x0000005a4b900000,0x0000005a4ba00000) (1024K)]
  0x000001882115ad30 WatcherThread "VM Periodic Task Thread"        [id=27128, stack(0x0000005a4b800000,0x0000005a4b900000) (1024K)]
  0x0000018809e47760 WorkerThread "GC Thread#0"                     [id=8996, stack(0x0000005a4b300000,0x0000005a4b400000) (1024K)]
  0x0000018823817d70 WorkerThread "GC Thread#1"                     [id=18088, stack(0x0000005a4c400000,0x0000005a4c500000) (1024K)]
  0x00000188237e9a40 WorkerThread "GC Thread#2"                     [id=5720, stack(0x0000005a4c500000,0x0000005a4c600000) (1024K)]
  0x0000018843451c90 WorkerThread "GC Thread#3"                     [id=25572, stack(0x0000005a4c600000,0x0000005a4c700000) (1024K)]
  0x0000018809e97010 ConcurrentGCThread "G1 Main Marker"            [id=23964, stack(0x0000005a4b400000,0x0000005a4b500000) (1024K)]
  0x0000018809e981d0 WorkerThread "G1 Conc#0"                       [id=27372, stack(0x0000005a4b500000,0x0000005a4b600000) (1024K)]
  0x0000018821029850 ConcurrentGCThread "G1 Refine#0"               [id=7620, stack(0x0000005a4b600000,0x0000005a4b700000) (1024K)]
  0x000001882102b190 ConcurrentGCThread "G1 Service"                [id=2588, stack(0x0000005a4b700000,0x0000005a4b800000) (1024K)]
Total: 10

Threads with active compile tasks:
C2 CompilerThread0  227867 20777       4       org.gradle.cache.internal.ExclusiveCacheAccessingWorker$$Lambda/0x000001882550e3d0::call (10 bytes)
Total: 1

VM state: not at safepoint (normal execution)

VM Mutex/Monitor currently owned by a thread: None

Heap address: 0x0000000700000000, size: 4096 MB, Compressed Oops mode: Zero based, Oop shift amount: 3

CDS archive(s) mapped at: [0x0000018824000000-0x0000018824ba0000-0x0000018824ba0000), size 12189696, SharedBaseAddress: 0x0000018824000000, ArchiveRelocationMode: 1.
Compressed class space mapped at: 0x0000018825000000-0x000001883f000000, reserved size: 436207616
Narrow klass base: 0x0000018824000000, Narrow klass shift: 0, Narrow klass range: 0x100000000

GC Precious Log:
 CardTable entry size: 512
 Card Set container configuration: InlinePtr #cards 4 size 8 Array Of Cards #cards 16 size 48 Howl #buckets 8 coarsen threshold 3686 Howl Bitmap #cards 512 size 80 coarsen threshold 460 Card regions per heap region 1 cards per card region 4096
 CPUs: 4 total, 4 available
 Memory: 7834M
 Large Page Support: Disabled
 NUMA Support: Disabled
 Compressed Oops: Enabled (Zero based)
 Heap Region Size: 2M
 Heap Min Capacity: 8M
 Heap Initial Capacity: 124M
 Heap Max Capacity: 4G
 Pre-touch: Disabled
 Parallel Workers: 4
 Concurrent Workers: 1
 Concurrent Refinement Workers: 4
 Periodic GC: Disabled

Heap:
 garbage-first heap   total 413696K, used 315392K [0x0000000700000000, 0x0000000800000000)
  region size 2048K, 30 young (61440K), 6 survivors (12288K)
 Metaspace       used 130273K, committed 133632K, reserved 557056K
  class space    used 18419K, committed 19968K, reserved 425984K

Heap Regions: E=young(eden), S=young(survivor), O=old, HS=humongous(starts), HC=humongous(continues), CS=collection set, F=free, TAMS=top-at-mark-start, PB=parsable bottom
|   0|0x0000000700000000, 0x0000000700200000, 0x0000000700200000|100%|HS|  |TAMS 0x0000000700000000| PB 0x0000000700000000| Complete 
|   1|0x0000000700200000, 0x0000000700400000, 0x0000000700400000|100%|HC|  |TAMS 0x0000000700200000| PB 0x0000000700200000| Complete 
|   2|0x0000000700400000, 0x0000000700600000, 0x0000000700600000|100%| O|  |TAMS 0x0000000700400000| PB 0x0000000700400000| Untracked 
|   3|0x0000000700600000, 0x0000000700800000, 0x0000000700800000|100%| O|  |TAMS 0x0000000700600000| PB 0x0000000700600000| Untracked 
|   4|0x0000000700800000, 0x0000000700a00000, 0x0000000700a00000|100%| O|  |TAMS 0x0000000700800000| PB 0x0000000700800000| Untracked 
|   5|0x0000000700a00000, 0x0000000700c00000, 0x0000000700c00000|100%| O|  |TAMS 0x0000000700a00000| PB 0x0000000700a00000| Untracked 
|   6|0x0000000700c00000, 0x0000000700e00000, 0x0000000700e00000|100%| O|  |TAMS 0x0000000700c00000| PB 0x0000000700c00000| Untracked 
|   7|0x0000000700e00000, 0x0000000701000000, 0x0000000701000000|100%| O|  |TAMS 0x0000000700e00000| PB 0x0000000700e00000| Untracked 
|   8|0x0000000701000000, 0x0000000701200000, 0x0000000701200000|100%| O|  |TAMS 0x0000000701000000| PB 0x0000000701000000| Untracked 
|   9|0x0000000701200000, 0x0000000701400000, 0x0000000701400000|100%| O|  |TAMS 0x0000000701200000| PB 0x0000000701200000| Untracked 
|  10|0x0000000701400000, 0x0000000701600000, 0x0000000701600000|100%| O|  |TAMS 0x0000000701400000| PB 0x0000000701400000| Untracked 
|  11|0x0000000701600000, 0x0000000701800000, 0x0000000701800000|100%| O|  |TAMS 0x0000000701600000| PB 0x0000000701600000| Untracked 
|  12|0x0000000701800000, 0x0000000701a00000, 0x0000000701a00000|100%| O|  |TAMS 0x0000000701800000| PB 0x0000000701800000| Untracked 
|  13|0x0000000701a00000, 0x0000000701c00000, 0x0000000701c00000|100%| O|  |TAMS 0x0000000701a00000| PB 0x0000000701a00000| Untracked 
|  14|0x0000000701c00000, 0x0000000701e00000, 0x0000000701e00000|100%| O|  |TAMS 0x0000000701c00000| PB 0x0000000701c00000| Untracked 
|  15|0x0000000701e00000, 0x0000000702000000, 0x0000000702000000|100%| O|  |TAMS 0x0000000701e00000| PB 0x0000000701e00000| Untracked 
|  16|0x0000000702000000, 0x0000000702200000, 0x0000000702200000|100%| O|  |TAMS 0x0000000702000000| PB 0x0000000702000000| Untracked 
|  17|0x0000000702200000, 0x0000000702400000, 0x0000000702400000|100%| O|  |TAMS 0x0000000702200000| PB 0x0000000702200000| Untracked 
|  18|0x0000000702400000, 0x0000000702600000, 0x0000000702600000|100%| O|  |TAMS 0x0000000702400000| PB 0x0000000702400000| Untracked 
|  19|0x0000000702600000, 0x0000000702800000, 0x0000000702800000|100%| O|  |TAMS 0x0000000702600000| PB 0x0000000702600000| Untracked 
|  20|0x0000000702800000, 0x0000000702a00000, 0x0000000702a00000|100%| O|  |TAMS 0x0000000702800000| PB 0x0000000702800000| Untracked 
|  21|0x0000000702a00000, 0x0000000702c00000, 0x0000000702c00000|100%| O|  |TAMS 0x0000000702a00000| PB 0x0000000702a00000| Untracked 
|  22|0x0000000702c00000, 0x0000000702e00000, 0x0000000702e00000|100%| O|  |TAMS 0x0000000702c00000| PB 0x0000000702c00000| Untracked 
|  23|0x0000000702e00000, 0x0000000703000000, 0x0000000703000000|100%| O|  |TAMS 0x0000000702e00000| PB 0x0000000702e00000| Untracked 
|  24|0x0000000703000000, 0x0000000703200000, 0x0000000703200000|100%| O|  |TAMS 0x0000000703000000| PB 0x0000000703000000| Untracked 
|  25|0x0000000703200000, 0x0000000703400000, 0x0000000703400000|100%| O|  |TAMS 0x0000000703200000| PB 0x0000000703200000| Untracked 
|  26|0x0000000703400000, 0x0000000703600000, 0x0000000703600000|100%| O|  |TAMS 0x0000000703400000| PB 0x0000000703400000| Untracked 
|  27|0x0000000703600000, 0x0000000703800000, 0x0000000703800000|100%| O|  |TAMS 0x0000000703600000| PB 0x0000000703600000| Untracked 
|  28|0x0000000703800000, 0x0000000703a00000, 0x0000000703a00000|100%|HS|  |TAMS 0x0000000703800000| PB 0x0000000703800000| Complete 
|  29|0x0000000703a00000, 0x0000000703c00000, 0x0000000703c00000|100%|HC|  |TAMS 0x0000000703a00000| PB 0x0000000703a00000| Complete 
|  30|0x0000000703c00000, 0x0000000703e00000, 0x0000000703e00000|100%|HS|  |TAMS 0x0000000703c00000| PB 0x0000000703c00000| Complete 
|  31|0x0000000703e00000, 0x0000000704000000, 0x0000000704000000|100%|HC|  |TAMS 0x0000000703e00000| PB 0x0000000703e00000| Complete 
|  32|0x0000000704000000, 0x0000000704200000, 0x0000000704200000|100%| O|  |TAMS 0x0000000704000000| PB 0x0000000704000000| Untracked 
|  33|0x0000000704200000, 0x0000000704400000, 0x0000000704400000|100%| O|  |TAMS 0x0000000704200000| PB 0x0000000704200000| Untracked 
|  34|0x0000000704400000, 0x0000000704600000, 0x0000000704600000|100%| O|  |TAMS 0x0000000704400000| PB 0x0000000704400000| Untracked 
|  35|0x0000000704600000, 0x0000000704800000, 0x0000000704800000|100%| O|  |TAMS 0x0000000704600000| PB 0x0000000704600000| Untracked 
|  36|0x0000000704800000, 0x0000000704a00000, 0x0000000704a00000|100%| O|  |TAMS 0x0000000704800000| PB 0x0000000704800000| Untracked 
|  37|0x0000000704a00000, 0x0000000704c00000, 0x0000000704c00000|100%| O|  |TAMS 0x0000000704a00000| PB 0x0000000704a00000| Untracked 
|  38|0x0000000704c00000, 0x0000000704e00000, 0x0000000704e00000|100%| O|  |TAMS 0x0000000704c00000| PB 0x0000000704c00000| Untracked 
|  39|0x0000000704e00000, 0x0000000705000000, 0x0000000705000000|100%| O|  |TAMS 0x0000000704e00000| PB 0x0000000704e00000| Untracked 
|  40|0x0000000705000000, 0x0000000705200000, 0x0000000705200000|100%| O|  |TAMS 0x0000000705000000| PB 0x0000000705000000| Untracked 
|  41|0x0000000705200000, 0x0000000705400000, 0x0000000705400000|100%| O|  |TAMS 0x0000000705200000| PB 0x0000000705200000| Untracked 
|  42|0x0000000705400000, 0x0000000705600000, 0x0000000705600000|100%| O|  |TAMS 0x0000000705400000| PB 0x0000000705400000| Untracked 
|  43|0x0000000705600000, 0x0000000705800000, 0x0000000705800000|100%| O|  |TAMS 0x0000000705600000| PB 0x0000000705600000| Untracked 
|  44|0x0000000705800000, 0x0000000705a00000, 0x0000000705a00000|100%| O|  |TAMS 0x0000000705800000| PB 0x0000000705800000| Untracked 
|  45|0x0000000705a00000, 0x0000000705c00000, 0x0000000705c00000|100%| O|  |TAMS 0x0000000705a00000| PB 0x0000000705a00000| Untracked 
|  46|0x0000000705c00000, 0x0000000705e00000, 0x0000000705e00000|100%| O|  |TAMS 0x0000000705c00000| PB 0x0000000705c00000| Untracked 
|  47|0x0000000705e00000, 0x0000000706000000, 0x0000000706000000|100%| O|  |TAMS 0x0000000705e00000| PB 0x0000000705e00000| Untracked 
|  48|0x0000000706000000, 0x0000000706200000, 0x0000000706200000|100%| O|  |TAMS 0x0000000706000000| PB 0x0000000706000000| Untracked 
|  49|0x0000000706200000, 0x0000000706400000, 0x0000000706400000|100%| O|  |TAMS 0x0000000706200000| PB 0x0000000706200000| Untracked 
|  50|0x0000000706400000, 0x0000000706600000, 0x0000000706600000|100%| O|  |TAMS 0x0000000706400000| PB 0x0000000706400000| Untracked 
|  51|0x0000000706600000, 0x0000000706800000, 0x0000000706800000|100%| O|  |TAMS 0x0000000706600000| PB 0x0000000706600000| Untracked 
|  52|0x0000000706800000, 0x0000000706a00000, 0x0000000706a00000|100%| O|  |TAMS 0x0000000706800000| PB 0x0000000706800000| Untracked 
|  53|0x0000000706a00000, 0x0000000706c00000, 0x0000000706c00000|100%| O|  |TAMS 0x0000000706a00000| PB 0x0000000706a00000| Untracked 
|  54|0x0000000706c00000, 0x0000000706e00000, 0x0000000706e00000|100%| O|  |TAMS 0x0000000706c00000| PB 0x0000000706c00000| Untracked 
|  55|0x0000000706e00000, 0x0000000707000000, 0x0000000707000000|100%| O|  |TAMS 0x0000000706e00000| PB 0x0000000706e00000| Untracked 
|  56|0x0000000707000000, 0x0000000707200000, 0x0000000707200000|100%| O|  |TAMS 0x0000000707000000| PB 0x0000000707000000| Untracked 
|  57|0x0000000707200000, 0x0000000707400000, 0x0000000707400000|100%| O|  |TAMS 0x0000000707200000| PB 0x0000000707200000| Untracked 
|  58|0x0000000707400000, 0x0000000707600000, 0x0000000707600000|100%| O|  |TAMS 0x0000000707400000| PB 0x0000000707400000| Untracked 
|  59|0x0000000707600000, 0x0000000707800000, 0x0000000707800000|100%| O|  |TAMS 0x0000000707600000| PB 0x0000000707600000| Untracked 
|  60|0x0000000707800000, 0x0000000707a00000, 0x0000000707a00000|100%|HS|  |TAMS 0x0000000707800000| PB 0x0000000707800000| Complete 
|  61|0x0000000707a00000, 0x0000000707c00000, 0x0000000707c00000|100%|HC|  |TAMS 0x0000000707a00000| PB 0x0000000707a00000| Complete 
|  62|0x0000000707c00000, 0x0000000707e00000, 0x0000000707e00000|100%| O|  |TAMS 0x0000000707c00000| PB 0x0000000707c00000| Untracked 
|  63|0x0000000707e00000, 0x0000000708000000, 0x0000000708000000|100%| O|  |TAMS 0x0000000707e00000| PB 0x0000000707e00000| Untracked 
|  64|0x0000000708000000, 0x0000000708200000, 0x0000000708200000|100%| O|  |TAMS 0x0000000708000000| PB 0x0000000708000000| Untracked 
|  65|0x0000000708200000, 0x0000000708400000, 0x0000000708400000|100%| O|  |TAMS 0x0000000708200000| PB 0x0000000708200000| Untracked 
|  66|0x0000000708400000, 0x0000000708600000, 0x0000000708600000|100%| O|  |TAMS 0x0000000708400000| PB 0x0000000708400000| Untracked 
|  67|0x0000000708600000, 0x0000000708800000, 0x0000000708800000|100%| O|  |TAMS 0x0000000708600000| PB 0x0000000708600000| Untracked 
|  68|0x0000000708800000, 0x0000000708a00000, 0x0000000708a00000|100%| O|  |TAMS 0x0000000708800000| PB 0x0000000708800000| Untracked 
|  69|0x0000000708a00000, 0x0000000708c00000, 0x0000000708c00000|100%| O|  |TAMS 0x0000000708a00000| PB 0x0000000708a00000| Untracked 
|  70|0x0000000708c00000, 0x0000000708e00000, 0x0000000708e00000|100%| O|  |TAMS 0x0000000708c00000| PB 0x0000000708c00000| Untracked 
|  71|0x0000000708e00000, 0x0000000709000000, 0x0000000709000000|100%| O|  |TAMS 0x0000000708e00000| PB 0x0000000708e00000| Untracked 
|  72|0x0000000709000000, 0x0000000709200000, 0x0000000709200000|100%| O|  |TAMS 0x0000000709000000| PB 0x0000000709000000| Untracked 
|  73|0x0000000709200000, 0x0000000709400000, 0x0000000709400000|100%|HS|  |TAMS 0x0000000709200000| PB 0x0000000709200000| Complete 
|  74|0x0000000709400000, 0x0000000709600000, 0x0000000709600000|100%| O|  |TAMS 0x0000000709400000| PB 0x0000000709400000| Untracked 
|  75|0x0000000709600000, 0x0000000709800000, 0x0000000709800000|100%| O|  |TAMS 0x0000000709600000| PB 0x0000000709600000| Untracked 
|  76|0x0000000709800000, 0x0000000709a00000, 0x0000000709a00000|100%| O|  |TAMS 0x0000000709800000| PB 0x0000000709800000| Untracked 
|  77|0x0000000709a00000, 0x0000000709c00000, 0x0000000709c00000|100%| O|  |TAMS 0x0000000709a00000| PB 0x0000000709a00000| Untracked 
|  78|0x0000000709c00000, 0x0000000709e00000, 0x0000000709e00000|100%| O|  |TAMS 0x0000000709c00000| PB 0x0000000709c00000| Untracked 
|  79|0x0000000709e00000, 0x000000070a000000, 0x000000070a000000|100%| O|  |TAMS 0x0000000709e00000| PB 0x0000000709e00000| Untracked 
|  80|0x000000070a000000, 0x000000070a200000, 0x000000070a200000|100%| O|  |TAMS 0x000000070a000000| PB 0x000000070a000000| Untracked 
|  81|0x000000070a200000, 0x000000070a400000, 0x000000070a400000|100%| O|  |TAMS 0x000000070a200000| PB 0x000000070a200000| Untracked 
|  82|0x000000070a400000, 0x000000070a600000, 0x000000070a600000|100%| O|  |TAMS 0x000000070a400000| PB 0x000000070a400000| Untracked 
|  83|0x000000070a600000, 0x000000070a800000, 0x000000070a800000|100%| O|  |TAMS 0x000000070a600000| PB 0x000000070a600000| Untracked 
|  84|0x000000070a800000, 0x000000070aa00000, 0x000000070aa00000|100%| O|  |TAMS 0x000000070a800000| PB 0x000000070a800000| Untracked 
|  85|0x000000070aa00000, 0x000000070ac00000, 0x000000070ac00000|100%| O|  |TAMS 0x000000070aa00000| PB 0x000000070aa00000| Untracked 
|  86|0x000000070ac00000, 0x000000070ae00000, 0x000000070ae00000|100%| O|  |TAMS 0x000000070ac00000| PB 0x000000070ac00000| Untracked 
|  87|0x000000070ae00000, 0x000000070b000000, 0x000000070b000000|100%| O|  |TAMS 0x000000070ae00000| PB 0x000000070ae00000| Untracked 
|  88|0x000000070b000000, 0x000000070b200000, 0x000000070b200000|100%| O|  |TAMS 0x000000070b000000| PB 0x000000070b000000| Untracked 
|  89|0x000000070b200000, 0x000000070b400000, 0x000000070b400000|100%| O|  |TAMS 0x000000070b200000| PB 0x000000070b200000| Untracked 
|  90|0x000000070b400000, 0x000000070b600000, 0x000000070b600000|100%| O|  |TAMS 0x000000070b400000| PB 0x000000070b400000| Untracked 
|  91|0x000000070b600000, 0x000000070b800000, 0x000000070b800000|100%| O|  |TAMS 0x000000070b600000| PB 0x000000070b600000| Untracked 
|  92|0x000000070b800000, 0x000000070ba00000, 0x000000070ba00000|100%| O|  |TAMS 0x000000070b800000| PB 0x000000070b800000| Untracked 
|  93|0x000000070ba00000, 0x000000070bc00000, 0x000000070bc00000|100%| O|  |TAMS 0x000000070ba00000| PB 0x000000070ba00000| Untracked 
|  94|0x000000070bc00000, 0x000000070be00000, 0x000000070be00000|100%| O|  |TAMS 0x000000070bc00000| PB 0x000000070bc00000| Untracked 
|  95|0x000000070be00000, 0x000000070c000000, 0x000000070c000000|100%| O|  |TAMS 0x000000070be00000| PB 0x000000070be00000| Untracked 
|  96|0x000000070c000000, 0x000000070c000000, 0x000000070c200000|  0%| F|  |TAMS 0x000000070c000000| PB 0x000000070c000000| Untracked 
|  97|0x000000070c200000, 0x000000070c400000, 0x000000070c400000|100%| O|  |TAMS 0x000000070c200000| PB 0x000000070c200000| Untracked 
|  98|0x000000070c400000, 0x000000070c400000, 0x000000070c600000|  0%| F|  |TAMS 0x000000070c400000| PB 0x000000070c400000| Untracked 
|  99|0x000000070c600000, 0x000000070c800000, 0x000000070c800000|100%| O|  |TAMS 0x000000070c600000| PB 0x000000070c600000| Untracked 
| 100|0x000000070c800000, 0x000000070ca00000, 0x000000070ca00000|100%| O|  |TAMS 0x000000070c800000| PB 0x000000070c800000| Untracked 
| 101|0x000000070ca00000, 0x000000070cc00000, 0x000000070cc00000|100%| O|  |TAMS 0x000000070ca00000| PB 0x000000070ca00000| Untracked 
| 102|0x000000070cc00000, 0x000000070ce00000, 0x000000070ce00000|100%| O|  |TAMS 0x000000070cc00000| PB 0x000000070cc00000| Untracked 
| 103|0x000000070ce00000, 0x000000070d000000, 0x000000070d000000|100%| O|  |TAMS 0x000000070ce00000| PB 0x000000070ce00000| Untracked 
| 104|0x000000070d000000, 0x000000070d200000, 0x000000070d200000|100%| O|  |TAMS 0x000000070d000000| PB 0x000000070d000000| Untracked 
| 105|0x000000070d200000, 0x000000070d200000, 0x000000070d400000|  0%| F|  |TAMS 0x000000070d200000| PB 0x000000070d200000| Untracked 
| 106|0x000000070d400000, 0x000000070d400000, 0x000000070d600000|  0%| F|  |TAMS 0x000000070d400000| PB 0x000000070d400000| Untracked 
| 107|0x000000070d600000, 0x000000070d800000, 0x000000070d800000|100%| O|  |TAMS 0x000000070d600000| PB 0x000000070d600000| Untracked 
| 108|0x000000070d800000, 0x000000070da00000, 0x000000070da00000|100%| O|  |TAMS 0x000000070d800000| PB 0x000000070d800000| Untracked 
| 109|0x000000070da00000, 0x000000070dc00000, 0x000000070dc00000|100%| O|  |TAMS 0x000000070da00000| PB 0x000000070da00000| Untracked 
| 110|0x000000070dc00000, 0x000000070de00000, 0x000000070de00000|100%| O|  |TAMS 0x000000070dc00000| PB 0x000000070dc00000| Untracked 
| 111|0x000000070de00000, 0x000000070e000000, 0x000000070e000000|100%| O|  |TAMS 0x000000070de00000| PB 0x000000070de00000| Untracked 
| 112|0x000000070e000000, 0x000000070e200000, 0x000000070e200000|100%| O|  |TAMS 0x000000070e000000| PB 0x000000070e000000| Untracked 
| 113|0x000000070e200000, 0x000000070e400000, 0x000000070e400000|100%| O|  |TAMS 0x000000070e200000| PB 0x000000070e200000| Untracked 
| 114|0x000000070e400000, 0x000000070e600000, 0x000000070e600000|100%| O|  |TAMS 0x000000070e400000| PB 0x000000070e400000| Untracked 
| 115|0x000000070e600000, 0x000000070e800000, 0x000000070e800000|100%| O|  |TAMS 0x000000070e600000| PB 0x000000070e600000| Untracked 
| 116|0x000000070e800000, 0x000000070ea00000, 0x000000070ea00000|100%| O|  |TAMS 0x000000070e800000| PB 0x000000070e800000| Untracked 
| 117|0x000000070ea00000, 0x000000070ec00000, 0x000000070ec00000|100%| O|  |TAMS 0x000000070ea00000| PB 0x000000070ea00000| Untracked 
| 118|0x000000070ec00000, 0x000000070ee00000, 0x000000070ee00000|100%| O|  |TAMS 0x000000070ec00000| PB 0x000000070ec00000| Untracked 
| 119|0x000000070ee00000, 0x000000070f000000, 0x000000070f000000|100%| O|  |TAMS 0x000000070ee00000| PB 0x000000070ee00000| Untracked 
| 120|0x000000070f000000, 0x000000070f200000, 0x000000070f200000|100%| O|  |TAMS 0x000000070f000000| PB 0x000000070f000000| Untracked 
| 121|0x000000070f200000, 0x000000070f400000, 0x000000070f400000|100%| O|  |TAMS 0x000000070f200000| PB 0x000000070f200000| Untracked 
| 122|0x000000070f400000, 0x000000070f600000, 0x000000070f600000|100%| O|  |TAMS 0x000000070f400000| PB 0x000000070f400000| Untracked 
| 123|0x000000070f600000, 0x000000070f800000, 0x000000070f800000|100%| O|  |TAMS 0x000000070f600000| PB 0x000000070f600000| Untracked 
| 124|0x000000070f800000, 0x000000070fa00000, 0x000000070fa00000|100%| O|  |TAMS 0x000000070f800000| PB 0x000000070f800000| Untracked 
| 125|0x000000070fa00000, 0x000000070fc00000, 0x000000070fc00000|100%| O|  |TAMS 0x000000070fa00000| PB 0x000000070fa00000| Untracked 
| 126|0x000000070fc00000, 0x000000070fc00000, 0x000000070fe00000|  0%| F|  |TAMS 0x000000070fc00000| PB 0x000000070fc00000| Untracked 
| 127|0x000000070fe00000, 0x000000070fe00000, 0x0000000710000000|  0%| F|  |TAMS 0x000000070fe00000| PB 0x000000070fe00000| Untracked 
| 128|0x0000000710000000, 0x0000000710000000, 0x0000000710200000|  0%| F|  |TAMS 0x0000000710000000| PB 0x0000000710000000| Untracked 
| 129|0x0000000710200000, 0x0000000710200000, 0x0000000710400000|  0%| F|  |TAMS 0x0000000710200000| PB 0x0000000710200000| Untracked 
| 130|0x0000000710400000, 0x0000000710400000, 0x0000000710600000|  0%| F|  |TAMS 0x0000000710400000| PB 0x0000000710400000| Untracked 
| 131|0x0000000710600000, 0x0000000710600000, 0x0000000710800000|  0%| F|  |TAMS 0x0000000710600000| PB 0x0000000710600000| Untracked 
| 132|0x0000000710800000, 0x0000000710800000, 0x0000000710a00000|  0%| F|  |TAMS 0x0000000710800000| PB 0x0000000710800000| Untracked 
| 133|0x0000000710a00000, 0x0000000710a00000, 0x0000000710c00000|  0%| F|  |TAMS 0x0000000710a00000| PB 0x0000000710a00000| Untracked 
| 134|0x0000000710c00000, 0x0000000710c00000, 0x0000000710e00000|  0%| F|  |TAMS 0x0000000710c00000| PB 0x0000000710c00000| Untracked 
| 135|0x0000000710e00000, 0x0000000710e00000, 0x0000000711000000|  0%| F|  |TAMS 0x0000000710e00000| PB 0x0000000710e00000| Untracked 
| 136|0x0000000711000000, 0x0000000711000000, 0x0000000711200000|  0%| F|  |TAMS 0x0000000711000000| PB 0x0000000711000000| Untracked 
| 137|0x0000000711200000, 0x0000000711200000, 0x0000000711400000|  0%| F|  |TAMS 0x0000000711200000| PB 0x0000000711200000| Untracked 
| 138|0x0000000711400000, 0x0000000711400000, 0x0000000711600000|  0%| F|  |TAMS 0x0000000711400000| PB 0x0000000711400000| Untracked 
| 139|0x0000000711600000, 0x0000000711600000, 0x0000000711800000|  0%| F|  |TAMS 0x0000000711600000| PB 0x0000000711600000| Untracked 
| 140|0x0000000711800000, 0x0000000711800000, 0x0000000711a00000|  0%| F|  |TAMS 0x0000000711800000| PB 0x0000000711800000| Untracked 
| 141|0x0000000711a00000, 0x0000000711c00000, 0x0000000711c00000|100%| S|CS|TAMS 0x0000000711a00000| PB 0x0000000711a00000| Complete 
| 142|0x0000000711c00000, 0x0000000711e00000, 0x0000000711e00000|100%| S|CS|TAMS 0x0000000711c00000| PB 0x0000000711c00000| Complete 
| 143|0x0000000711e00000, 0x0000000712000000, 0x0000000712000000|100%| S|CS|TAMS 0x0000000711e00000| PB 0x0000000711e00000| Complete 
| 144|0x0000000712000000, 0x0000000712200000, 0x0000000712200000|100%| S|CS|TAMS 0x0000000712000000| PB 0x0000000712000000| Complete 
| 145|0x0000000712200000, 0x0000000712400000, 0x0000000712400000|100%| S|CS|TAMS 0x0000000712200000| PB 0x0000000712200000| Complete 
| 146|0x0000000712400000, 0x0000000712600000, 0x0000000712600000|100%| S|CS|TAMS 0x0000000712400000| PB 0x0000000712400000| Complete 
| 147|0x0000000712600000, 0x0000000712600000, 0x0000000712800000|  0%| F|  |TAMS 0x0000000712600000| PB 0x0000000712600000| Untracked 
| 148|0x0000000712800000, 0x0000000712800000, 0x0000000712a00000|  0%| F|  |TAMS 0x0000000712800000| PB 0x0000000712800000| Untracked 
| 149|0x0000000712a00000, 0x0000000712a00000, 0x0000000712c00000|  0%| F|  |TAMS 0x0000000712a00000| PB 0x0000000712a00000| Untracked 
| 150|0x0000000712c00000, 0x0000000712c00000, 0x0000000712e00000|  0%| F|  |TAMS 0x0000000712c00000| PB 0x0000000712c00000| Untracked 
| 151|0x0000000712e00000, 0x0000000712e00000, 0x0000000713000000|  0%| F|  |TAMS 0x0000000712e00000| PB 0x0000000712e00000| Untracked 
| 152|0x0000000713000000, 0x0000000713000000, 0x0000000713200000|  0%| F|  |TAMS 0x0000000713000000| PB 0x0000000713000000| Untracked 
| 153|0x0000000713200000, 0x0000000713200000, 0x0000000713400000|  0%| F|  |TAMS 0x0000000713200000| PB 0x0000000713200000| Untracked 
| 154|0x0000000713400000, 0x0000000713400000, 0x0000000713600000|  0%| F|  |TAMS 0x0000000713400000| PB 0x0000000713400000| Untracked 
| 155|0x0000000713600000, 0x0000000713600000, 0x0000000713800000|  0%| F|  |TAMS 0x0000000713600000| PB 0x0000000713600000| Untracked 
| 156|0x0000000713800000, 0x0000000713800000, 0x0000000713a00000|  0%| F|  |TAMS 0x0000000713800000| PB 0x0000000713800000| Untracked 
| 157|0x0000000713a00000, 0x0000000713a00000, 0x0000000713c00000|  0%| F|  |TAMS 0x0000000713a00000| PB 0x0000000713a00000| Untracked 
| 158|0x0000000713c00000, 0x0000000713c00000, 0x0000000713e00000|  0%| F|  |TAMS 0x0000000713c00000| PB 0x0000000713c00000| Untracked 
| 159|0x0000000713e00000, 0x0000000713e00000, 0x0000000714000000|  0%| F|  |TAMS 0x0000000713e00000| PB 0x0000000713e00000| Untracked 
| 160|0x0000000714000000, 0x0000000714000000, 0x0000000714200000|  0%| F|  |TAMS 0x0000000714000000| PB 0x0000000714000000| Untracked 
| 161|0x0000000714200000, 0x0000000714200000, 0x0000000714400000|  0%| F|  |TAMS 0x0000000714200000| PB 0x0000000714200000| Untracked 
| 162|0x0000000714400000, 0x0000000714400000, 0x0000000714600000|  0%| F|  |TAMS 0x0000000714400000| PB 0x0000000714400000| Untracked 
| 163|0x0000000714600000, 0x0000000714600000, 0x0000000714800000|  0%| F|  |TAMS 0x0000000714600000| PB 0x0000000714600000| Untracked 
| 164|0x0000000714800000, 0x0000000714800000, 0x0000000714a00000|  0%| F|  |TAMS 0x0000000714800000| PB 0x0000000714800000| Untracked 
| 165|0x0000000714a00000, 0x0000000714a00000, 0x0000000714c00000|  0%| F|  |TAMS 0x0000000714a00000| PB 0x0000000714a00000| Untracked 
| 166|0x0000000714c00000, 0x0000000714c00000, 0x0000000714e00000|  0%| F|  |TAMS 0x0000000714c00000| PB 0x0000000714c00000| Untracked 
| 167|0x0000000714e00000, 0x0000000714e00000, 0x0000000715000000|  0%| F|  |TAMS 0x0000000714e00000| PB 0x0000000714e00000| Untracked 
| 168|0x0000000715000000, 0x0000000715000000, 0x0000000715200000|  0%| F|  |TAMS 0x0000000715000000| PB 0x0000000715000000| Untracked 
| 169|0x0000000715200000, 0x0000000715200000, 0x0000000715400000|  0%| F|  |TAMS 0x0000000715200000| PB 0x0000000715200000| Untracked 
| 170|0x0000000715400000, 0x0000000715400000, 0x0000000715600000|  0%| F|  |TAMS 0x0000000715400000| PB 0x0000000715400000| Untracked 
| 171|0x0000000715600000, 0x0000000715600000, 0x0000000715800000|  0%| F|  |TAMS 0x0000000715600000| PB 0x0000000715600000| Untracked 
| 172|0x0000000715800000, 0x0000000715800000, 0x0000000715a00000|  0%| F|  |TAMS 0x0000000715800000| PB 0x0000000715800000| Untracked 
| 173|0x0000000715a00000, 0x0000000715a00000, 0x0000000715c00000|  0%| F|  |TAMS 0x0000000715a00000| PB 0x0000000715a00000| Untracked 
| 174|0x0000000715c00000, 0x0000000715c00000, 0x0000000715e00000|  0%| F|  |TAMS 0x0000000715c00000| PB 0x0000000715c00000| Untracked 
| 175|0x0000000715e00000, 0x0000000715f777d0, 0x0000000716000000| 73%| E|  |TAMS 0x0000000715e00000| PB 0x0000000715e00000| Complete 
| 176|0x0000000716000000, 0x0000000716200000, 0x0000000716200000|100%| E|CS|TAMS 0x0000000716000000| PB 0x0000000716000000| Complete 
| 177|0x0000000716200000, 0x0000000716400000, 0x0000000716400000|100%| E|CS|TAMS 0x0000000716200000| PB 0x0000000716200000| Complete 
| 178|0x0000000716400000, 0x0000000716600000, 0x0000000716600000|100%| E|CS|TAMS 0x0000000716400000| PB 0x0000000716400000| Complete 
| 179|0x0000000716600000, 0x0000000716800000, 0x0000000716800000|100%| E|CS|TAMS 0x0000000716600000| PB 0x0000000716600000| Complete 
| 180|0x0000000716800000, 0x0000000716a00000, 0x0000000716a00000|100%| E|CS|TAMS 0x0000000716800000| PB 0x0000000716800000| Complete 
| 181|0x0000000716a00000, 0x0000000716c00000, 0x0000000716c00000|100%| E|CS|TAMS 0x0000000716a00000| PB 0x0000000716a00000| Complete 
| 182|0x0000000716c00000, 0x0000000716e00000, 0x0000000716e00000|100%| E|CS|TAMS 0x0000000716c00000| PB 0x0000000716c00000| Complete 
| 183|0x0000000716e00000, 0x0000000717000000, 0x0000000717000000|100%| E|CS|TAMS 0x0000000716e00000| PB 0x0000000716e00000| Complete 
| 184|0x0000000717000000, 0x0000000717200000, 0x0000000717200000|100%| E|CS|TAMS 0x0000000717000000| PB 0x0000000717000000| Complete 
| 185|0x0000000717200000, 0x0000000717400000, 0x0000000717400000|100%| E|CS|TAMS 0x0000000717200000| PB 0x0000000717200000| Complete 
| 186|0x0000000717400000, 0x0000000717600000, 0x0000000717600000|100%| E|CS|TAMS 0x0000000717400000| PB 0x0000000717400000| Complete 
| 187|0x0000000717600000, 0x0000000717800000, 0x0000000717800000|100%| E|CS|TAMS 0x0000000717600000| PB 0x0000000717600000| Complete 
| 188|0x0000000717800000, 0x0000000717a00000, 0x0000000717a00000|100%| E|CS|TAMS 0x0000000717800000| PB 0x0000000717800000| Complete 
| 189|0x0000000717a00000, 0x0000000717c00000, 0x0000000717c00000|100%| E|CS|TAMS 0x0000000717a00000| PB 0x0000000717a00000| Complete 
| 190|0x0000000717c00000, 0x0000000717e00000, 0x0000000717e00000|100%| E|CS|TAMS 0x0000000717c00000| PB 0x0000000717c00000| Complete 
| 191|0x0000000717e00000, 0x0000000718000000, 0x0000000718000000|100%| E|CS|TAMS 0x0000000717e00000| PB 0x0000000717e00000| Complete 
| 192|0x0000000718000000, 0x0000000718200000, 0x0000000718200000|100%| E|CS|TAMS 0x0000000718000000| PB 0x0000000718000000| Complete 
| 193|0x0000000718200000, 0x0000000718400000, 0x0000000718400000|100%| E|CS|TAMS 0x0000000718200000| PB 0x0000000718200000| Complete 
| 194|0x0000000718400000, 0x0000000718600000, 0x0000000718600000|100%| E|CS|TAMS 0x0000000718400000| PB 0x0000000718400000| Complete 
| 195|0x0000000718600000, 0x0000000718800000, 0x0000000718800000|100%| E|CS|TAMS 0x0000000718600000| PB 0x0000000718600000| Complete 
| 196|0x0000000718800000, 0x0000000718a00000, 0x0000000718a00000|100%| E|CS|TAMS 0x0000000718800000| PB 0x0000000718800000| Complete 
| 197|0x0000000718a00000, 0x0000000718c00000, 0x0000000718c00000|100%| E|CS|TAMS 0x0000000718a00000| PB 0x0000000718a00000| Complete 
|2044|0x00000007ff800000, 0x00000007ffa00000, 0x00000007ffa00000|100%| O|  |TAMS 0x00000007ff800000| PB 0x00000007ff800000| Untracked 
|2045|0x00000007ffa00000, 0x00000007ffc00000, 0x00000007ffc00000|100%| E|CS|TAMS 0x00000007ffa00000| PB 0x00000007ffa00000| Complete 
|2046|0x00000007ffc00000, 0x00000007ffe00000, 0x00000007ffe00000|100%| O|  |TAMS 0x00000007ffc00000| PB 0x00000007ffc00000| Untracked 
|2047|0x00000007ffe00000, 0x0000000800000000, 0x0000000800000000|100%| O|  |TAMS 0x00000007ffe00000| PB 0x00000007ffe00000| Untracked 

Card table byte_map: [0x000001881c7e0000,0x000001881cfe0000] _byte_map_base: 0x0000018818fe0000

Marking Bits: (CMBitMap*) 0x0000018809e47d80
 Bits: [0x000001881cfe0000, 0x0000018820fe0000)

Polling page: 0x0000018807be0000

Metaspace:

Usage:
  Non-class:    109.23 MB used.
      Class:     17.99 MB used.
       Both:    127.22 MB used.

Virtual space:
  Non-class space:      128.00 MB reserved,     111.00 MB ( 87%) committed,  2 nodes.
      Class space:      416.00 MB reserved,      19.50 MB (  5%) committed,  1 nodes.
             Both:      544.00 MB reserved,     130.50 MB ( 24%) committed. 

Chunk freelists:
   Non-Class:  1.06 MB
       Class:  12.50 MB
        Both:  13.55 MB

MaxMetaspaceSize: 512.00 MB
CompressedClassSpaceSize: 416.00 MB
Initial GC threshold: 21.00 MB
Current GC threshold: 215.25 MB
CDS: on
 - commit_granule_bytes: 65536.
 - commit_granule_words: 8192.
 - virtual_space_node_default_size: 8388608.
 - enlarge_chunks_in_place: 1.
 - use_allocation_guard: 0.


Internal statistics:

num_allocs_failed_limit: 9.
num_arena_births: 5250.
num_arena_deaths: 76.
num_vsnodes_births: 3.
num_vsnodes_deaths: 0.
num_space_committed: 2088.
num_space_uncommitted: 0.
num_chunks_returned_to_freelist: 119.
num_chunks_taken_from_freelist: 11831.
num_chunk_merges: 27.
num_chunk_splits: 7627.
num_chunks_enlarged: 4757.
num_inconsistent_stats: 0.

CodeHeap 'non-profiled nmethods': size=120000Kb used=12115Kb max_used=12115Kb free=107884Kb
 bounds [0x0000018814ab0000, 0x0000018815690000, 0x000001881bfe0000]
CodeHeap 'profiled nmethods': size=120000Kb used=31238Kb max_used=31238Kb free=88761Kb
 bounds [0x000001880cfe0000, 0x000001880ee80000, 0x0000018814510000]
CodeHeap 'non-nmethods': size=5760Kb used=3066Kb max_used=3115Kb free=2694Kb
 bounds [0x0000018814510000, 0x0000018814830000, 0x0000018814ab0000]
CodeCache: size=245760Kb, used=46419Kb, max_used=46468Kb, free=199339Kb
 total_blobs=16272, nmethods=15214, adapters=961, full_count=0
Compilation: enabled, stopped_count=0, restarted_count=0

Compilation events (20 events):
Event: 227.679 Thread 0x00000188211b3a70 nmethod 20776 0x000001881567e890 code [0x000001881567ebc0, 0x0000018815680128]
Event: 227.686 Thread 0x00000188211b3a70 20777       4       org.gradle.cache.internal.ExclusiveCacheAccessingWorker$$Lambda/0x000001882550e3d0::call (10 bytes)
Event: 227.703 Thread 0x00000188211b8ba0 20779       3       org.gradle.cache.internal.btree.BTreePersistentIndexedCache$1::create (65 bytes)
Event: 227.704 Thread 0x00000188211b8ba0 nmethod 20779 0x000001880ee6e190 code [0x000001880ee6e420, 0x000001880ee6f030]
Event: 227.708 Thread 0x00000188211b8ba0 20781       3       org.gradle.internal.operations.DefaultBuildOperationRunner::execute (147 bytes)
Event: 227.710 Thread 0x00000188211b8ba0 nmethod 20781 0x0000018815681510 code [0x0000018815681800, 0x0000018815682900]
Event: 227.768 Thread 0x00000188211b8ba0 20782   !   3       org.gradle.cache.internal.DefaultMultiProcessSafeIndexedCache::getIfPresent (25 bytes)
Event: 227.769 Thread 0x00000188211b8ba0 nmethod 20782 0x0000018815683010 code [0x00000188156832a0, 0x0000018815683f80]
Event: 227.800 Thread 0x00000188211b8ba0 20784       3       java.util.concurrent.atomic.LongAdder::add (96 bytes)
Event: 227.801 Thread 0x00000188211b8ba0 nmethod 20784 0x000001880ee6f410 code [0x000001880ee6f6a0, 0x000001880ee701d0]
Event: 227.801 Thread 0x00000188211b8ba0 20785       3       java.nio.file.FileTreeWalker::close (30 bytes)
Event: 227.802 Thread 0x00000188211b8ba0 nmethod 20785 0x000001880e03a810 code [0x000001880e03aa40, 0x000001880e03b230]
Event: 227.805 Thread 0x00000188211b8ba0 20786       1       java.lang.StackTraceElement::getLineNumber (5 bytes)
Event: 227.805 Thread 0x00000188211b8ba0 nmethod 20786 0x0000018815684490 code [0x0000018815684620, 0x00000188156846e8]
Event: 227.820 Thread 0x00000188211b8ba0 20787       3       java.io.ObjectOutputStream$BlockDataOutputStream::write (152 bytes)
Event: 227.821 Thread 0x00000188211b8ba0 nmethod 20787 0x000001880ee70590 code [0x000001880ee707c0, 0x000001880ee70fb0]
Event: 227.821 Thread 0x00000188211b8ba0 20788       2       java.util.AbstractList$Itr::<init> (31 bytes)
Event: 227.821 Thread 0x00000188211b8ba0 nmethod 20788 0x000001880def9590 code [0x000001880def9720, 0x000001880def9898]
Event: 227.821 Thread 0x00000188211b8ba0 20789       3       java.io.ObjectOutputStream::annotateClass (1 bytes)
Event: 227.821 Thread 0x00000188211b8ba0 nmethod 20789 0x000001880dd0fc90 code [0x000001880dd0fe20, 0x000001880dd0ff28]

GC Heap History (20 events):
Event: 178.296 GC heap before
{Heap before GC invocations=64 (full 0):
 garbage-first heap   total 239616K, used 218187K [0x0000000700000000, 0x0000000800000000)
  region size 2048K, 39 young (79872K), 5 survivors (10240K)
 Metaspace       used 125008K, committed 127872K, reserved 557056K
  class space    used 17699K, committed 19072K, reserved 425984K
}
Event: 178.341 GC heap after
{Heap after GC invocations=65 (full 0):
 garbage-first heap   total 247808K, used 160406K [0x0000000700000000, 0x0000000800000000)
  region size 2048K, 5 young (10240K), 5 survivors (10240K)
 Metaspace       used 125008K, committed 127872K, reserved 557056K
  class space    used 17699K, committed 19072K, reserved 425984K
}
Event: 182.230 GC heap before
{Heap before GC invocations=65 (full 0):
 garbage-first heap   total 247808K, used 209558K [0x0000000700000000, 0x0000000800000000)
  region size 2048K, 31 young (63488K), 5 survivors (10240K)
 Metaspace       used 125377K, committed 128256K, reserved 557056K
  class space    used 17733K, committed 19136K, reserved 425984K
}
Event: 182.255 GC heap after
{Heap after GC invocations=66 (full 0):
 garbage-first heap   total 247808K, used 166652K [0x0000000700000000, 0x0000000800000000)
  region size 2048K, 3 young (6144K), 3 survivors (6144K)
 Metaspace       used 125377K, committed 128256K, reserved 557056K
  class space    used 17733K, committed 19136K, reserved 425984K
}
Event: 188.634 GC heap before
{Heap before GC invocations=67 (full 0):
 garbage-first heap   total 284672K, used 228092K [0x0000000700000000, 0x0000000800000000)
  region size 2048K, 32 young (65536K), 3 survivors (6144K)
 Metaspace       used 126505K, committed 129408K, reserved 557056K
  class space    used 17916K, committed 19328K, reserved 425984K
}
Event: 188.650 GC heap after
{Heap after GC invocations=68 (full 0):
 garbage-first heap   total 284672K, used 179220K [0x0000000700000000, 0x0000000800000000)
  region size 2048K, 4 young (8192K), 4 survivors (8192K)
 Metaspace       used 126505K, committed 129408K, reserved 557056K
  class space    used 17916K, committed 19328K, reserved 425984K
}
Event: 195.241 GC heap before
{Heap before GC invocations=68 (full 0):
 garbage-first heap   total 284672K, used 250900K [0x0000000700000000, 0x0000000800000000)
  region size 2048K, 39 young (79872K), 4 survivors (8192K)
 Metaspace       used 127114K, committed 130112K, reserved 557056K
  class space    used 17980K, committed 19392K, reserved 425984K
}
Event: 195.284 GC heap after
{Heap after GC invocations=69 (full 0):
 garbage-first heap   total 284672K, used 191643K [0x0000000700000000, 0x0000000800000000)
  region size 2048K, 5 young (10240K), 5 survivors (10240K)
 Metaspace       used 127114K, committed 130112K, reserved 557056K
  class space    used 17980K, committed 19392K, reserved 425984K
}
Event: 201.260 GC heap before
{Heap before GC invocations=69 (full 0):
 garbage-first heap   total 284672K, used 253083K [0x0000000700000000, 0x0000000800000000)
  region size 2048K, 35 young (71680K), 5 survivors (10240K)
 Metaspace       used 127751K, committed 130816K, reserved 557056K
  class space    used 18061K, committed 19520K, reserved 425984K
}
Event: 201.304 GC heap after
{Heap after GC invocations=70 (full 0):
 garbage-first heap   total 284672K, used 204800K [0x0000000700000000, 0x0000000800000000)
  region size 2048K, 5 young (10240K), 5 survivors (10240K)
 Metaspace       used 127751K, committed 130816K, reserved 557056K
  class space    used 18061K, committed 19520K, reserved 425984K
}
Event: 205.077 GC heap before
{Heap before GC invocations=71 (full 0):
 garbage-first heap   total 342016K, used 258048K [0x0000000700000000, 0x0000000800000000)
  region size 2048K, 31 young (63488K), 5 survivors (10240K)
 Metaspace       used 128057K, committed 131008K, reserved 557056K
  class space    used 18101K, committed 19520K, reserved 425984K
}
Event: 205.112 GC heap after
{Heap after GC invocations=72 (full 0):
 garbage-first heap   total 342016K, used 218726K [0x0000000700000000, 0x0000000800000000)
  region size 2048K, 4 young (8192K), 4 survivors (8192K)
 Metaspace       used 128057K, committed 131008K, reserved 557056K
  class space    used 18101K, committed 19520K, reserved 425984K
}
Event: 210.453 GC heap before
{Heap before GC invocations=72 (full 0):
 garbage-first heap   total 342016K, used 298598K [0x0000000700000000, 0x0000000800000000)
  region size 2048K, 43 young (88064K), 4 survivors (8192K)
 Metaspace       used 128700K, committed 131840K, reserved 557056K
  class space    used 18189K, committed 19648K, reserved 425984K
}
Event: 210.505 GC heap after
{Heap after GC invocations=73 (full 0):
 garbage-first heap   total 342016K, used 233112K [0x0000000700000000, 0x0000000800000000)
  region size 2048K, 6 young (12288K), 6 survivors (12288K)
 Metaspace       used 128700K, committed 131840K, reserved 557056K
  class space    used 18189K, committed 19648K, reserved 425984K
}
Event: 212.120 GC heap before
{Heap before GC invocations=73 (full 0):
 garbage-first heap   total 342016K, used 302744K [0x0000000700000000, 0x0000000800000000)
  region size 2048K, 40 young (81920K), 6 survivors (12288K)
 Metaspace       used 129103K, committed 132224K, reserved 557056K
  class space    used 18241K, committed 19712K, reserved 425984K
}
Event: 212.167 GC heap after
{Heap after GC invocations=74 (full 0):
 garbage-first heap   total 342016K, used 246480K [0x0000000700000000, 0x0000000800000000)
  region size 2048K, 5 young (10240K), 5 survivors (10240K)
 Metaspace       used 129103K, committed 132224K, reserved 557056K
  class space    used 18241K, committed 19712K, reserved 425984K
}
Event: 219.842 GC heap before
{Heap before GC invocations=75 (full 0):
 garbage-first heap   total 413696K, used 307920K [0x0000000700000000, 0x0000000800000000)
  region size 2048K, 35 young (71680K), 5 survivors (10240K)
 Metaspace       used 129801K, committed 133056K, reserved 557056K
  class space    used 18341K, committed 19840K, reserved 425984K
}
Event: 219.874 GC heap after
{Heap after GC invocations=76 (full 0):
 garbage-first heap   total 413696K, used 259482K [0x0000000700000000, 0x0000000800000000)
  region size 2048K, 5 young (10240K), 5 survivors (10240K)
 Metaspace       used 129801K, committed 133056K, reserved 557056K
  class space    used 18341K, committed 19840K, reserved 425984K
}
Event: 225.609 GC heap before
{Heap before GC invocations=76 (full 0):
 garbage-first heap   total 413696K, used 353690K [0x0000000700000000, 0x0000000800000000)
  region size 2048K, 52 young (106496K), 5 survivors (10240K)
 Metaspace       used 130164K, committed 133440K, reserved 557056K
  class space    used 18400K, committed 19904K, reserved 425984K
}
Event: 225.645 GC heap after
{Heap after GC invocations=77 (full 0):
 garbage-first heap   total 413696K, used 268288K [0x0000000700000000, 0x0000000800000000)
  region size 2048K, 6 young (12288K), 6 survivors (12288K)
 Metaspace       used 130164K, committed 133440K, reserved 557056K
  class space    used 18400K, committed 19904K, reserved 425984K
}

Dll operation events (15 events):
Event: 0.420 Loaded shared library C:\Users\AFIS\.antigravity\extensions\redhat.java-1.54.0-win32-x64\jre\21.0.10-win32-x86_64\bin\java.dll
Event: 0.502 Loaded shared library C:\Users\AFIS\.antigravity\extensions\redhat.java-1.54.0-win32-x64\jre\21.0.10-win32-x86_64\bin\zip.dll
Event: 0.526 Loaded shared library C:\Users\AFIS\.antigravity\extensions\redhat.java-1.54.0-win32-x64\jre\21.0.10-win32-x86_64\bin\instrument.dll
Event: 0.621 Loaded shared library C:\Users\AFIS\.antigravity\extensions\redhat.java-1.54.0-win32-x64\jre\21.0.10-win32-x86_64\bin\net.dll
Event: 0.689 Loaded shared library C:\Users\AFIS\.antigravity\extensions\redhat.java-1.54.0-win32-x64\jre\21.0.10-win32-x86_64\bin\nio.dll
Event: 0.731 Loaded shared library C:\Users\AFIS\.antigravity\extensions\redhat.java-1.54.0-win32-x64\jre\21.0.10-win32-x86_64\bin\zip.dll
Event: 5.920 Loaded shared library C:\Users\AFIS\.antigravity\extensions\redhat.java-1.54.0-win32-x64\jre\21.0.10-win32-x86_64\bin\jimage.dll
Event: 9.302 Loaded shared library C:\Users\AFIS\.antigravity\extensions\redhat.java-1.54.0-win32-x64\jre\21.0.10-win32-x86_64\bin\verify.dll
Event: 9.418 Loaded shared library C:\Users\AFIS\.gradle\native\1def1411415f61bf3af743bc5b6707747c0891f09f0c88961ee8f79bc544acac\windows-amd64\native-platform.dll
Event: 9.441 Loaded shared library C:\Users\AFIS\.gradle\native\0.2.7\x86_64-windows-gnu\gradle-fileevents.dll
Event: 16.213 Loaded shared library C:\Users\AFIS\.antigravity\extensions\redhat.java-1.54.0-win32-x64\jre\21.0.10-win32-x86_64\bin\management.dll
Event: 16.253 Loaded shared library C:\Users\AFIS\.antigravity\extensions\redhat.java-1.54.0-win32-x64\jre\21.0.10-win32-x86_64\bin\management_ext.dll
Event: 16.408 Loaded shared library C:\Users\AFIS\.antigravity\extensions\redhat.java-1.54.0-win32-x64\jre\21.0.10-win32-x86_64\bin\extnet.dll
Event: 16.715 Loaded shared library C:\Users\AFIS\.antigravity\extensions\redhat.java-1.54.0-win32-x64\jre\21.0.10-win32-x86_64\bin\sunmscapi.dll
Event: 67.075 Loaded shared library C:\Users\AFIS\.antigravity\extensions\redhat.java-1.54.0-win32-x64\jre\21.0.10-win32-x86_64\bin\rmi.dll

Deoptimization events (20 events):
Event: 227.613 Thread 0x0000018844816760 Uncommon trap: trap_request=0xffffff45 fr.pc=0x0000018814f4c8c8 relative=0x00000000000000a8
Event: 227.613 Thread 0x0000018844816760 Uncommon trap: reason=unstable_if action=reinterpret pc=0x0000018814f4c8c8 method=java.util.concurrent.atomic.LongAdder.add(J)V @ 24 c2
Event: 227.613 Thread 0x0000018844816760 DEOPT PACKING pc=0x0000018814f4c8c8 sp=0x0000005a4cef64c0
Event: 227.613 Thread 0x0000018844816760 DEOPT UNPACKING pc=0x0000018814567ba2 sp=0x0000005a4cef6400 mode 2
Event: 227.625 Thread 0x00000188431691c0 Uncommon trap: trap_request=0x00000054 fr.pc=0x000001881524e578 relative=0x0000000000003578
Event: 227.625 Thread 0x00000188431691c0 Uncommon trap: reason=unloaded action=reinterpret pc=0x000001881524e578 method=org.gradle.cache.internal.btree.BTreePersistentIndexedCache.get(Ljava/lang/Object;)Ljava/lang/Object; @ 31 c2
Event: 227.625 Thread 0x00000188431691c0 DEOPT PACKING pc=0x000001881524e578 sp=0x0000005a4d4feeb0
Event: 227.625 Thread 0x00000188431691c0 DEOPT UNPACKING pc=0x0000018814567ba2 sp=0x0000005a4d4fed38 mode 2
Event: 227.625 Thread 0x0000018844816760 Uncommon trap: trap_request=0xffffff45 fr.pc=0x000001881508c82c relative=0x000000000000072c
Event: 227.625 Thread 0x0000018844816760 Uncommon trap: reason=unstable_if action=reinterpret pc=0x000001881508c82c method=java.util.concurrent.FutureTask.report(I)Ljava/lang/Object; @ 7 c2
Event: 227.625 Thread 0x0000018844816760 DEOPT PACKING pc=0x000001881508c82c sp=0x0000005a4cef63f0
Event: 227.625 Thread 0x0000018844816760 DEOPT UNPACKING pc=0x0000018814567ba2 sp=0x0000005a4cef6360 mode 2
Event: 227.689 Thread 0x0000018844816760 Uncommon trap: trap_request=0x00000014 fr.pc=0x0000018814e9c570 relative=0x00000000000012f0
Event: 227.689 Thread 0x0000018844816760 Uncommon trap: reason=unloaded action=reinterpret pc=0x0000018814e9c570 method=com.esotericsoftware.kryo.io.Input.fill([BII)I @ 22 c2
Event: 227.689 Thread 0x0000018844816760 DEOPT PACKING pc=0x0000018814e9c570 sp=0x0000005a4cef71b0
Event: 227.689 Thread 0x0000018844816760 DEOPT UNPACKING pc=0x0000018814567ba2 sp=0x0000005a4cef6fc8 mode 2
Event: 227.696 Thread 0x00000188486f8800 Uncommon trap: trap_request=0xffffff45 fr.pc=0x0000018814cf7094 relative=0x0000000000000074
Event: 227.696 Thread 0x00000188486f8800 Uncommon trap: reason=unstable_if action=reinterpret pc=0x0000018814cf7094 method=java.util.concurrent.FutureTask.report(I)Ljava/lang/Object; @ 7 c2
Event: 227.696 Thread 0x00000188486f8800 DEOPT PACKING pc=0x0000018814cf7094 sp=0x0000005a4fefc800
Event: 227.696 Thread 0x00000188486f8800 DEOPT UNPACKING pc=0x0000018814567ba2 sp=0x0000005a4fefc790 mode 2

Classes loaded (20 events):
Event: 219.371 Loading class sun/nio/fs/WindowsPathBeanInfo
Event: 219.378 Loading class sun/nio/fs/WindowsPathBeanInfo done
Event: 219.379 Loading class sun/nio/fs/WindowsPathBeanInfo
Event: 219.379 Loading class sun/nio/fs/WindowsPathBeanInfo done
Event: 219.382 Loading class sun/nio/fs/WindowsPathCustomizer
Event: 219.382 Loading class sun/nio/fs/WindowsPathCustomizer done
Event: 219.391 Loading class sun/nio/fs/WindowsPathCustomizer
Event: 219.391 Loading class sun/nio/fs/WindowsPathCustomizer done
Event: 219.432 Loading class java/nio/file/WatchEvent
Event: 219.459 Loading class java/nio/file/WatchEvent done
Event: 227.683 Loading class java/io/PrintWriter$1
Event: 227.690 Loading class jdk/internal/access/JavaIOPrintWriterAccess
Event: 227.692 Loading class jdk/internal/access/JavaIOPrintWriterAccess done
Event: 227.692 Loading class java/io/PrintWriter$1 done
Event: 227.692 Loading class java/lang/Throwable$WrappedPrintWriter
Event: 227.696 Loading class java/lang/Throwable$PrintStreamOrWriter
Event: 227.699 Loading class java/lang/Throwable$PrintStreamOrWriter done
Event: 227.699 Loading class java/lang/Throwable$WrappedPrintWriter done
Event: 227.821 Loading class java/util/Collections$EmptyListIterator
Event: 227.824 Loading class java/util/Collections$EmptyListIterator done

Classes unloaded (20 events):
Event: 101.996 Thread 0x000001882116b950 Unloading class 0x0000018825d14400 'java/lang/invoke/LambdaForm$MH+0x0000018825d14400'
Event: 101.996 Thread 0x000001882116b950 Unloading class 0x0000018825d13c00 'java/lang/invoke/LambdaForm$MH+0x0000018825d13c00'
Event: 101.996 Thread 0x000001882116b950 Unloading class 0x0000018825d13400 'java/lang/invoke/LambdaForm$MH+0x0000018825d13400'
Event: 101.996 Thread 0x000001882116b950 Unloading class 0x0000018825d12c00 'java/lang/invoke/LambdaForm$MH+0x0000018825d12c00'
Event: 101.996 Thread 0x000001882116b950 Unloading class 0x0000018825d12000 'java/lang/invoke/LambdaForm$MH+0x0000018825d12000'
Event: 101.996 Thread 0x000001882116b950 Unloading class 0x0000018825d12400 'java/lang/invoke/LambdaForm$DMH+0x0000018825d12400'
Event: 101.996 Thread 0x000001882116b950 Unloading class 0x0000018825d11400 'java/lang/invoke/LambdaForm$MH+0x0000018825d11400'
Event: 101.996 Thread 0x000001882116b950 Unloading class 0x0000018825d10c00 'java/lang/invoke/LambdaForm$MH+0x0000018825d10c00'
Event: 101.996 Thread 0x000001882116b950 Unloading class 0x0000018825d10400 'java/lang/invoke/LambdaForm$MH+0x0000018825d10400'
Event: 101.996 Thread 0x000001882116b950 Unloading class 0x0000018825d10000 'java/lang/invoke/LambdaForm$MH+0x0000018825d10000'
Event: 101.996 Thread 0x000001882116b950 Unloading class 0x0000018825d0d800 'java/lang/invoke/LambdaForm$MH+0x0000018825d0d800'
Event: 101.996 Thread 0x000001882116b950 Unloading class 0x0000018825d0d400 'java/lang/invoke/LambdaForm$MH+0x0000018825d0d400'
Event: 101.996 Thread 0x000001882116b950 Unloading class 0x0000018825d0cc00 'java/lang/invoke/LambdaForm$MH+0x0000018825d0cc00'
Event: 101.996 Thread 0x000001882116b950 Unloading class 0x0000018825cfd000 'java/lang/invoke/LambdaForm$MH+0x0000018825cfd000'
Event: 101.996 Thread 0x000001882116b950 Unloading class 0x0000018825cfc800 'java/lang/invoke/LambdaForm$DMH+0x0000018825cfc800'
Event: 101.996 Thread 0x000001882116b950 Unloading class 0x0000018825cfc400 'java/lang/invoke/LambdaForm$DMH+0x0000018825cfc400'
Event: 115.628 Thread 0x000001882116b950 Unloading class 0x0000018825dc5000 'jdk/internal/reflect/GeneratedSerializationConstructorAccessor83'
Event: 115.628 Thread 0x000001882116b950 Unloading class 0x0000018825dc4800 'jdk/internal/reflect/GeneratedSerializationConstructorAccessor82'
Event: 115.628 Thread 0x000001882116b950 Unloading class 0x0000018825dc4000 'jdk/internal/reflect/GeneratedSerializationConstructorAccessor80'
Event: 115.628 Thread 0x000001882116b950 Unloading class 0x0000018825dc1c00 'jdk/internal/reflect/GeneratedSerializationConstructorAccessor65'

Classes redefined (0 events):
No events

Internal exceptions (20 events):
Event: 222.601 Thread 0x0000018844816760 Exception <a 'java/lang/ClassNotFoundException'{0x0000000716a3d8f0}: org/gradle/api/internal/artifacts/configurations/DefaultConfigurationContainer_DecoratedCustomizer> (0x0000000716a3d8f0) 
thrown [s\src\hotspot\share\classfile\systemDictionary.cpp, line 312]
Event: 222.719 Thread 0x0000018844816760 Exception <a 'java/lang/ClassNotFoundException'{0x00000007168a54d8}: com/android/VersionBeanInfo> (0x00000007168a54d8) 
thrown [s\src\hotspot\share\classfile\systemDictionary.cpp, line 312]
Event: 222.719 Thread 0x0000018844816760 Exception <a 'java/lang/ClassNotFoundException'{0x00000007168b4ab8}: com/android/VersionCustomizer> (0x00000007168b4ab8) 
thrown [s\src\hotspot\share\classfile\systemDictionary.cpp, line 312]
Event: 223.002 Thread 0x0000018844816760 Exception <a 'java/lang/ClassNotFoundException'{0x000000071658be20}: build_cxln3bx4187ak6xjy2hgsoom7BeanInfo> (0x000000071658be20) 
thrown [s\src\hotspot\share\classfile\systemDictionary.cpp, line 312]
Event: 223.003 Thread 0x0000018844816760 Exception <a 'java/lang/ClassNotFoundException'{0x0000000716592bf0}: build_cxln3bx4187ak6xjy2hgsoom7Customizer> (0x0000000716592bf0) 
thrown [s\src\hotspot\share\classfile\systemDictionary.cpp, line 312]
Event: 223.076 Thread 0x0000018844816760 Exception <a 'java/lang/ClassNotFoundException'{0x00000007165fa090}: build_cxln3bx4187ak6xjy2hgsoom7$_run_closure1BeanInfo> (0x00000007165fa090) 
thrown [s\src\hotspot\share\classfile\systemDictionary.cpp, line 312]
Event: 223.077 Thread 0x0000018844816760 Exception <a 'java/lang/ClassNotFoundException'{0x0000000716289b10}: build_cxln3bx4187ak6xjy2hgsoom7$_run_closure1Customizer> (0x0000000716289b10) 
thrown [s\src\hotspot\share\classfile\systemDictionary.cpp, line 312]
Event: 227.595 Thread 0x00000188431691c0 Exception <a 'java/io/IOException'{0x00000007162a5220}> (0x00000007162a5220) 
thrown [s\src\hotspot\share\prims\jni.cpp, line 520]
Event: 227.607 Thread 0x0000018844816760 Exception <a 'java/io/FileNotFoundException'{0x000000071692e1d8}> (0x000000071692e1d8) 
thrown [s\src\hotspot\share\prims\jni.cpp, line 520]
Event: 227.622 Thread 0x00000188431684a0 Exception <a 'java/io/IOException'{0x00000007162cda50}> (0x00000007162cda50) 
thrown [s\src\hotspot\share\prims\jni.cpp, line 520]
Event: 227.625 Thread 0x00000188431691c0 Exception <a 'java/io/IOException'{0x00000007162fb538}> (0x00000007162fb538) 
thrown [s\src\hotspot\share\prims\jni.cpp, line 520]
Event: 227.682 Thread 0x00000188431684a0 Exception <a 'java/io/IOException'{0x0000000716055e38}> (0x0000000716055e38) 
thrown [s\src\hotspot\share\prims\jni.cpp, line 520]
Event: 227.689 Thread 0x0000018844816760 Exception <a 'java/io/IOException'{0x0000000716379400}> (0x0000000716379400) 
thrown [s\src\hotspot\share\prims\jni.cpp, line 520]
Event: 227.695 Thread 0x00000188431691c0 Exception <a 'java/io/IOException'{0x00000007160858e8}> (0x00000007160858e8) 
thrown [s\src\hotspot\share\prims\jni.cpp, line 520]
Event: 227.696 Thread 0x00000188431691c0 Exception <a 'java/io/IOException'{0x0000000716086dd8}> (0x0000000716086dd8) 
thrown [s\src\hotspot\share\prims\jni.cpp, line 520]
Event: 227.699 Thread 0x00000188431691c0 Exception <a 'java/io/IOException'{0x00000007160882c8}> (0x00000007160882c8) 
thrown [s\src\hotspot\share\prims\jni.cpp, line 520]
Event: 227.704 Thread 0x00000188431684a0 Exception <a 'java/io/IOException'{0x0000000716064458}> (0x0000000716064458) 
thrown [s\src\hotspot\share\prims\jni.cpp, line 520]
Event: 227.708 Thread 0x00000188486f8800 Exception <a 'java/io/FileNotFoundException'{0x00000007161058d8}> (0x00000007161058d8) 
thrown [s\src\hotspot\share\prims\jni.cpp, line 520]
Event: 227.809 Thread 0x000001884316a570 Exception <a 'java/lang/NoSuchMethodError'{0x0000000715e62c20}: static Lorg/gradle/api/UncheckedIOException;.<clinit>()V> (0x0000000715e62c20) 
thrown [s\src\hotspot\share\prims\jni.cpp, line 1111]
Event: 227.817 Thread 0x000001884316a570 Exception <a 'java/lang/NoSuchMethodError'{0x0000000715ea6568}: static [Ljava/lang/StackTraceElement;.<clinit>()V> (0x0000000715ea6568) 
thrown [s\src\hotspot\share\prims\jni.cpp, line 1111]

ZGC Phase Switch (0 events):
No events

VM Operations (20 events):
Event: 219.278 Executing safepoint VM operation: Cleanup
Event: 219.310 Executing safepoint VM operation: Cleanup done
Event: 219.842 Executing safepoint VM operation: G1CollectForAllocation (G1 Evacuation Pause)
Event: 219.874 Executing safepoint VM operation: G1CollectForAllocation (G1 Evacuation Pause) done
Event: 220.881 Executing safepoint VM operation: Cleanup
Event: 220.881 Executing safepoint VM operation: Cleanup done
Event: 221.896 Executing safepoint VM operation: Cleanup
Event: 221.896 Executing safepoint VM operation: Cleanup done
Event: 222.909 Executing safepoint VM operation: Cleanup
Event: 222.909 Executing safepoint VM operation: Cleanup done
Event: 223.923 Executing safepoint VM operation: Cleanup
Event: 223.923 Executing safepoint VM operation: Cleanup done
Event: 224.931 Executing safepoint VM operation: Cleanup
Event: 224.931 Executing safepoint VM operation: Cleanup done
Event: 225.609 Executing safepoint VM operation: G1CollectForAllocation (G1 Evacuation Pause)
Event: 225.645 Executing safepoint VM operation: G1CollectForAllocation (G1 Evacuation Pause) done
Event: 226.649 Executing safepoint VM operation: Cleanup
Event: 226.649 Executing safepoint VM operation: Cleanup done
Event: 227.662 Executing safepoint VM operation: Cleanup
Event: 227.662 Executing safepoint VM operation: Cleanup done

Memory protections (0 events):
No events

Nmethod flushes (20 events):
Event: 212.837 Thread 0x000001882116b950 flushing  nmethod 0x000001880df30210
Event: 212.837 Thread 0x000001882116b950 flushing  nmethod 0x000001880df30690
Event: 212.837 Thread 0x000001882116b950 flushing  nmethod 0x000001880df31790
Event: 212.837 Thread 0x000001882116b950 flushing  nmethod 0x000001880df76610
Event: 212.837 Thread 0x000001882116b950 flushing  nmethod 0x000001880df76a10
Event: 212.837 Thread 0x000001882116b950 flushing  nmethod 0x000001880df86690
Event: 212.837 Thread 0x000001882116b950 flushing  nmethod 0x000001880df8c910
Event: 212.837 Thread 0x000001882116b950 flushing  nmethod 0x000001880dfb8210
Event: 212.837 Thread 0x000001882116b950 flushing  nmethod 0x000001880dfbab90
Event: 212.837 Thread 0x000001882116b950 flushing  nmethod 0x000001880dfbbc90
Event: 212.837 Thread 0x000001882116b950 flushing  nmethod 0x000001880dfeee10
Event: 212.837 Thread 0x000001882116b950 flushing  nmethod 0x000001880dff7a90
Event: 212.837 Thread 0x000001882116b950 flushing  nmethod 0x000001880e000c10
Event: 212.837 Thread 0x000001882116b950 flushing  nmethod 0x000001880e1f4890
Event: 212.837 Thread 0x000001882116b950 flushing  nmethod 0x000001880e1f8e10
Event: 212.837 Thread 0x000001882116b950 flushing  nmethod 0x000001880e3e5610
Event: 212.837 Thread 0x000001882116b950 flushing  nmethod 0x000001880e472490
Event: 212.837 Thread 0x000001882116b950 flushing  nmethod 0x000001880e493310
Event: 212.837 Thread 0x000001882116b950 flushing  nmethod 0x000001880e7fe510
Event: 212.837 Thread 0x000001882116b950 flushing  nmethod 0x000001880e94be10

Events (20 events):
Event: 159.948 Thread 0x000001884d6452e0 Thread exited: 0x000001884d6452e0
Event: 160.375 Thread 0x000001884897ec20 Thread exited: 0x000001884897ec20
Event: 163.319 Thread 0x00000188211b8ba0 Thread added: 0x0000018847b0d950
Event: 164.305 Thread 0x0000018847b0d950 Thread exited: 0x0000018847b0d950
Event: 165.628 Thread 0x00000188211b8ba0 Thread added: 0x0000018847b0d280
Event: 166.298 Thread 0x0000018847b0d280 Thread exited: 0x0000018847b0d280
Event: 171.138 Thread 0x0000018844816760 Thread added: 0x0000018846eca2c0
Event: 171.147 Thread 0x0000018846eca2c0 Thread added: 0x000001884e064420
Event: 171.147 Thread 0x0000018846eca2c0 Thread added: 0x000001884d075840
Event: 182.598 Thread 0x000001884d6438a0 Thread exited: 0x000001884d6438a0
Event: 183.774 Thread 0x0000018845f953d0 Thread exited: 0x0000018845f953d0
Event: 183.820 Thread 0x0000018846ec5a90 Thread exited: 0x0000018846ec5a90
Event: 205.112 Thread 0x00000188211b8ba0 Thread added: 0x0000018845551da0
Event: 206.087 Thread 0x0000018845551da0 Thread exited: 0x0000018845551da0
Event: 211.480 Thread 0x00000188211b3a70 Thread added: 0x0000018845551000
Event: 211.746 Thread 0x0000018845551000 Thread exited: 0x0000018845551000
Event: 213.598 Thread 0x0000018846ec8f10 Thread exited: 0x0000018846ec8f10
Event: 213.599 Thread 0x0000018846ecc390 Thread exited: 0x0000018846ecc390
Event: 224.573 Thread 0x00000188211b8ba0 Thread added: 0x00000188455516d0
Event: 225.204 Thread 0x00000188455516d0 Thread exited: 0x00000188455516d0


Dynamic libraries:
0x00007ff6f9f90000 - 0x00007ff6f9f9e000 	C:\Users\AFIS\.antigravity\extensions\redhat.java-1.54.0-win32-x64\jre\21.0.10-win32-x86_64\bin\java.exe
0x00007ffa45720000 - 0x00007ffa45987000 	C:\WINDOWS\SYSTEM32\ntdll.dll
0x00007ffa455b0000 - 0x00007ffa45679000 	C:\WINDOWS\System32\KERNEL32.DLL
0x00007ffa42220000 - 0x00007ffa42614000 	C:\WINDOWS\System32\KERNELBASE.dll
0x00007ffa42750000 - 0x00007ffa4289b000 	C:\WINDOWS\System32\ucrtbase.dll
0x00007ffa2f030000 - 0x00007ffa2f048000 	C:\Users\AFIS\.antigravity\extensions\redhat.java-1.54.0-win32-x64\jre\21.0.10-win32-x86_64\bin\jli.dll
0x00007ffa453e0000 - 0x00007ffa455a5000 	C:\WINDOWS\System32\USER32.dll
0x00007ffa433d0000 - 0x00007ffa433f7000 	C:\WINDOWS\System32\win32u.dll
0x00007ffa43ba0000 - 0x00007ffa43bcb000 	C:\WINDOWS\System32\GDI32.dll
0x00007ffa2c210000 - 0x00007ffa2c22e000 	C:\Users\AFIS\.antigravity\extensions\redhat.java-1.54.0-win32-x64\jre\21.0.10-win32-x86_64\bin\VCRUNTIME140.dll
0x00007ffa42620000 - 0x00007ffa4274b000 	C:\WINDOWS\System32\gdi32full.dll
0x00007ffa41ff0000 - 0x00007ffa42093000 	C:\WINDOWS\System32\msvcp_win.dll
0x00007ffa20ae0000 - 0x00007ffa20d73000 	C:\WINDOWS\WinSxS\amd64_microsoft.windows.common-controls_6595b64144ccf1df_6.0.26100.8115_none_3e075c82e3354f9c\COMCTL32.dll
0x00007ffa43fa0000 - 0x00007ffa44049000 	C:\WINDOWS\System32\msvcrt.dll
0x00007ffa44730000 - 0x00007ffa44762000 	C:\WINDOWS\System32\IMM32.DLL
0x00007ffa3ee80000 - 0x00007ffa3ee8c000 	C:\Users\AFIS\.antigravity\extensions\redhat.java-1.54.0-win32-x64\jre\21.0.10-win32-x86_64\bin\vcruntime140_1.dll
0x00007ffa04170000 - 0x00007ffa041fd000 	C:\Users\AFIS\.antigravity\extensions\redhat.java-1.54.0-win32-x64\jre\21.0.10-win32-x86_64\bin\msvcp140.dll
0x00007ff9d3df0000 - 0x00007ff9d4b91000 	C:\Users\AFIS\.antigravity\extensions\redhat.java-1.54.0-win32-x64\jre\21.0.10-win32-x86_64\bin\server\jvm.dll
0x00007ffa43ce0000 - 0x00007ffa43d96000 	C:\WINDOWS\System32\ADVAPI32.dll
0x00007ffa45330000 - 0x00007ffa453d7000 	C:\WINDOWS\System32\sechost.dll
0x00007ffa43da0000 - 0x00007ffa43eb8000 	C:\WINDOWS\System32\RPCRT4.dll
0x00007ffa446a0000 - 0x00007ffa44720000 	C:\WINDOWS\System32\WS2_32.dll
0x00007ffa41e50000 - 0x00007ffa41eae000 	C:\WINDOWS\SYSTEM32\POWRPROF.dll
0x00007ffa37480000 - 0x00007ffa374b6000 	C:\WINDOWS\SYSTEM32\WINMM.dll
0x00007ffa30400000 - 0x00007ffa3040b000 	C:\WINDOWS\SYSTEM32\VERSION.dll
0x00007ffa41e30000 - 0x00007ffa41e44000 	C:\WINDOWS\SYSTEM32\UMPDC.dll
0x00007ffa40d80000 - 0x00007ffa40d9b000 	C:\WINDOWS\SYSTEM32\kernel.appcore.dll
0x00007ffa25100000 - 0x00007ffa2510a000 	C:\Users\AFIS\.antigravity\extensions\redhat.java-1.54.0-win32-x64\jre\21.0.10-win32-x86_64\bin\jimage.dll
0x00007ffa3fda0000 - 0x00007ffa3ffe2000 	C:\WINDOWS\SYSTEM32\DBGHELP.DLL
0x00007ffa44fa0000 - 0x00007ffa45322000 	C:\WINDOWS\System32\combase.dll
0x00007ffa43ec0000 - 0x00007ffa43f98000 	C:\WINDOWS\System32\OLEAUT32.dll
0x00007ffa23440000 - 0x00007ffa2347b000 	C:\WINDOWS\SYSTEM32\dbgcore.DLL
0x00007ffa43400000 - 0x00007ffa434a5000 	C:\WINDOWS\System32\bcryptPrimitives.dll
0x00007ffa32d50000 - 0x00007ffa32d5f000 	C:\Users\AFIS\.antigravity\extensions\redhat.java-1.54.0-win32-x64\jre\21.0.10-win32-x86_64\bin\instrument.dll
0x00007ffa1f560000 - 0x00007ffa1f580000 	C:\Users\AFIS\.antigravity\extensions\redhat.java-1.54.0-win32-x64\jre\21.0.10-win32-x86_64\bin\java.dll
0x00007ffa44830000 - 0x00007ffa44f97000 	C:\WINDOWS\System32\SHELL32.dll
0x00007ffa428a0000 - 0x00007ffa42a0a000 	C:\WINDOWS\System32\wintypes.dll
0x00007ffa42aa0000 - 0x00007ffa43308000 	C:\WINDOWS\System32\windows.storage.dll
0x00007ffa43aa0000 - 0x00007ffa43b98000 	C:\WINDOWS\System32\SHCORE.dll
0x00007ffa439b0000 - 0x00007ffa43a16000 	C:\WINDOWS\System32\shlwapi.dll
0x00007ffa41f10000 - 0x00007ffa41f39000 	C:\WINDOWS\SYSTEM32\profapi.dll
0x00007ffa1efc0000 - 0x00007ffa1efd8000 	C:\Users\AFIS\.antigravity\extensions\redhat.java-1.54.0-win32-x64\jre\21.0.10-win32-x86_64\bin\zip.dll
0x00007ffa21af0000 - 0x00007ffa21b00000 	C:\Users\AFIS\.antigravity\extensions\redhat.java-1.54.0-win32-x64\jre\21.0.10-win32-x86_64\bin\net.dll
0x00007ffa32dc0000 - 0x00007ffa32eed000 	C:\WINDOWS\SYSTEM32\WINHTTP.dll
0x00007ffa412f0000 - 0x00007ffa4135c000 	C:\WINDOWS\system32\mswsock.dll
0x00007ffa183f0000 - 0x00007ffa18406000 	C:\Users\AFIS\.antigravity\extensions\redhat.java-1.54.0-win32-x64\jre\21.0.10-win32-x86_64\bin\nio.dll
0x00007ffa1faa0000 - 0x00007ffa1fab0000 	C:\Users\AFIS\.antigravity\extensions\redhat.java-1.54.0-win32-x64\jre\21.0.10-win32-x86_64\bin\verify.dll
0x00007ffa3e930000 - 0x00007ffa3e957000 	C:\Users\AFIS\.gradle\native\1def1411415f61bf3af743bc5b6707747c0891f09f0c88961ee8f79bc544acac\windows-amd64\native-platform.dll
0x00007ffa23850000 - 0x00007ffa238c8000 	C:\Users\AFIS\.gradle\native\0.2.7\x86_64-windows-gnu\gradle-fileevents.dll
0x00007ffa32db0000 - 0x00007ffa32dba000 	C:\Users\AFIS\.antigravity\extensions\redhat.java-1.54.0-win32-x64\jre\21.0.10-win32-x86_64\bin\management.dll
0x00007ffa2fe70000 - 0x00007ffa2fe7c000 	C:\Users\AFIS\.antigravity\extensions\redhat.java-1.54.0-win32-x64\jre\21.0.10-win32-x86_64\bin\management_ext.dll
0x00007ffa44820000 - 0x00007ffa44828000 	C:\WINDOWS\System32\PSAPI.DLL
0x00007ffa407f0000 - 0x00007ffa40822000 	C:\WINDOWS\SYSTEM32\IPHLPAPI.DLL
0x00007ffa44690000 - 0x00007ffa4469a000 	C:\WINDOWS\System32\NSI.dll
0x00007ffa1f3d0000 - 0x00007ffa1f3d9000 	C:\Users\AFIS\.antigravity\extensions\redhat.java-1.54.0-win32-x64\jre\21.0.10-win32-x86_64\bin\extnet.dll
0x00007ffa415d0000 - 0x00007ffa415eb000 	C:\WINDOWS\SYSTEM32\CRYPTSP.dll
0x00007ffa40ce0000 - 0x00007ffa40d19000 	C:\WINDOWS\system32\rsaenh.dll
0x00007ffa413a0000 - 0x00007ffa413d3000 	C:\WINDOWS\SYSTEM32\USERENV.dll
0x00007ffa41ee0000 - 0x00007ffa41f0a000 	C:\WINDOWS\SYSTEM32\bcrypt.dll
0x00007ffa415f0000 - 0x00007ffa415fc000 	C:\WINDOWS\SYSTEM32\CRYPTBASE.dll
0x00007ffa1f4c0000 - 0x00007ffa1f4ce000 	C:\Users\AFIS\.antigravity\extensions\redhat.java-1.54.0-win32-x64\jre\21.0.10-win32-x86_64\bin\sunmscapi.dll
0x00007ffa420a0000 - 0x00007ffa42217000 	C:\WINDOWS\System32\CRYPT32.dll
0x00007ffa417f0000 - 0x00007ffa41820000 	C:\WINDOWS\SYSTEM32\ncrypt.dll
0x00007ffa417a0000 - 0x00007ffa417df000 	C:\WINDOWS\SYSTEM32\NTASN1.dll
0x00007ff9e7ee0000 - 0x00007ff9e7ee8000 	C:\WINDOWS\system32\wshunix.dll
0x00007ffa3e920000 - 0x00007ffa3e927000 	C:\Users\AFIS\.antigravity\extensions\redhat.java-1.54.0-win32-x64\jre\21.0.10-win32-x86_64\bin\rmi.dll

JVMTI agents:
C:\Users\AFIS\.gradle\wrapper\dists\gradle-8.14.3-bin\cv11ve7ro1n3o1j4so8xd9n66\gradle-8.14.3\lib\agents\gradle-instrumentation-agent-8.14.3.jar path:C:\Users\AFIS\.antigravity\extensions\redhat.java-1.54.0-win32-x64\jre\21.0.10-win32-x86_64\bin\instrument.dll, loaded, initialized, instrumentlib options:none

dbghelp: loaded successfully - version: 4.0.5 - missing functions: none
symbol engine: initialized successfully - sym options: 0x614 - pdb path: .;C:\Users\AFIS\.antigravity\extensions\redhat.java-1.54.0-win32-x64\jre\21.0.10-win32-x86_64\bin;C:\WINDOWS\SYSTEM32;C:\WINDOWS\WinSxS\amd64_microsoft.windows.common-controls_6595b64144ccf1df_6.0.26100.8115_none_3e075c82e3354f9c;C:\Users\AFIS\.antigravity\extensions\redhat.java-1.54.0-win32-x64\jre\21.0.10-win32-x86_64\bin\server;C:\Users\AFIS\.gradle\native\1def1411415f61bf3af743bc5b6707747c0891f09f0c88961ee8f79bc544acac\windows-amd64;C:\Users\AFIS\.gradle\native\0.2.7\x86_64-windows-gnu

VM Arguments:
jvm_args: --add-opens=java.base/java.lang=ALL-UNNAMED --add-opens=java.base/java.lang.invoke=ALL-UNNAMED --add-opens=java.base/java.util=ALL-UNNAMED --add-opens=java.prefs/java.util.prefs=ALL-UNNAMED --add-exports=jdk.compiler/com.sun.tools.javac.api=ALL-UNNAMED --add-exports=jdk.compiler/com.sun.tools.javac.util=ALL-UNNAMED --add-opens=java.base/java.util=ALL-UNNAMED --add-opens=java.prefs/java.util.prefs=ALL-UNNAMED --add-opens=java.base/java.nio.charset=ALL-UNNAMED --add-opens=java.base/java.net=ALL-UNNAMED --add-opens=java.base/java.util.concurrent.atomic=ALL-UNNAMED --add-opens=java.xml/javax.xml.namespace=ALL-UNNAMED -XX:MaxMetaspaceSize=512m -XX:+HeapDumpOnOutOfMemoryError -Xmx4096m -Dfile.encoding=UTF-8 -Duser.country=IN -Duser.language=en -Duser.variant -javaagent:C:\Users\AFIS\.gradle\wrapper\dists\gradle-8.14.3-bin\cv11ve7ro1n3o1j4so8xd9n66\gradle-8.14.3\lib\agents\gradle-instrumentation-agent-8.14.3.jar 
java_command: org.gradle.launcher.daemon.bootstrap.GradleDaemon 8.14.3
java_class_path (initial): C:\Users\AFIS\.gradle\wrapper\dists\gradle-8.14.3-bin\cv11ve7ro1n3o1j4so8xd9n66\gradle-8.14.3\lib\gradle-daemon-main-8.14.3.jar
Launcher Type: SUN_STANDARD

[Global flags]
     intx CICompilerCount                          = 3                                         {product} {ergonomic}
   size_t CompressedClassSpaceSize                 = 436207616                                 {product} {ergonomic}
     uint ConcGCThreads                            = 1                                         {product} {ergonomic}
     uint G1ConcRefinementThreads                  = 4                                         {product} {ergonomic}
   size_t G1HeapRegionSize                         = 2097152                                   {product} {ergonomic}
    uintx GCDrainStackTargetSize                   = 64                                        {product} {ergonomic}
     bool HeapDumpOnOutOfMemoryError               = true                                   {manageable} {command line}
   size_t InitialHeapSize                          = 130023424                                 {product} {ergonomic}
   size_t MarkStackSize                            = 4194304                                   {product} {ergonomic}
   size_t MaxHeapSize                              = 4294967296                                {product} {command line}
   size_t MaxMetaspaceSize                         = 536870912                                 {product} {command line}
   size_t MaxNewSize                               = 2575302656                                {product} {ergonomic}
   size_t MinHeapDeltaBytes                        = 2097152                                   {product} {ergonomic}
   size_t MinHeapSize                              = 8388608                                   {product} {ergonomic}
    uintx NonNMethodCodeHeapSize                   = 5832780                                {pd product} {ergonomic}
    uintx NonProfiledCodeHeapSize                  = 122912730                              {pd product} {ergonomic}
    uintx ProfiledCodeHeapSize                     = 122912730                              {pd product} {ergonomic}
    uintx ReservedCodeCacheSize                    = 251658240                              {pd product} {ergonomic}
     bool SegmentedCodeCache                       = true                                      {product} {ergonomic}
   size_t SoftMaxHeapSize                          = 4294967296                             {manageable} {ergonomic}
     bool UseCompressedOops                        = true                           {product lp64_product} {ergonomic}
     bool UseG1GC                                  = true                                      {product} {ergonomic}
     bool UseLargePagesIndividualAllocation        = false                                  {pd product} {ergonomic}

Logging:
Log output configuration:
 #0: stdout all=warning uptime,level,tags foldmultilines=false
 #1: stderr all=off uptime,level,tags foldmultilines=false

Release file:
JAVA_VERSION="21.0.10" 
MODULES="java.base java.compiler java.datatransfer java.xml java.prefs java.desktop java.instrument java.logging java.management java.security.sasl java.naming java.rmi java.management.rmi java.net.http java.scripting java.security.jgss java.transaction.xa java.sql java.sql.rowset java.xml.crypto java.se java.smartcardio jdk.accessibility jdk.internal.jvmstat jdk.attach jdk.charsets jdk.internal.opt jdk.zipfs jdk.compiler jdk.crypto.ec jdk.crypto.cryptoki jdk.crypto.mscapi jdk.dynalink jdk.internal.ed jdk.editpad jdk.hotspot.agent jdk.httpserver jdk.internal.le jdk.internal.vm.ci jdk.internal.vm.compiler jdk.internal.vm.compiler.management jdk.jartool jdk.javadoc jdk.jcmd jdk.management jdk.management.agent jdk.jconsole jdk.jdeps jdk.jdwp.agent jdk.jdi jdk.jfr jdk.jshell jdk.jsobject jdk.jstatd jdk.localedata jdk.management.jfr jdk.naming.dns jdk.naming.rmi jdk.net jdk.nio.mapmode jdk.random jdk.sctp jdk.security.auth jdk.security.jgss jdk.unsupported jdk.unsupported.desktop jdk.xml.dom" 

Environment Variables:
JAVA_HOME=C:\Program Files\Eclipse Adoptium\jdk-17.0.18.8-hotspot
PATH=C:\Program Files\Eclipse Adoptium\jdk-17.0.18.8-hotspot\bin;C:\Program Files (x86)\VMware\VMware Workstation\bin\;C:\WINDOWS\system32;C:\WINDOWS;C:\WINDOWS\System32\Wbem;C:\WINDOWS\System32\WindowsPowerShell\v1.0\;C:\WINDOWS\System32\OpenSSH\;C:\Users\AFIS\AppData\Local\Android\Sdk;C:\Program Files\Git\cmd;C:\Program Files\php-8.3.4-Win32-vs16-x64;C:\Program Files\MySQL\MySQL Server 9.0\bin;C:\Program Files\Amazon\AWSCLIV2\;C:\Users\AFIS\Desktop\Flutter\flutter\bin;C:\Program Files\nodejs\;C:\Program Files\cursor\resources\app\bin;C:\Users\AFIS\AppData\Local\Programs\Python\Python313\Scripts\;C:\Users\AFIS\AppData\Local\Programs\Python\Python313\;C:\Users\AFIS\AppData\Local\Programs\Python\Launcher\;C:\Users\AFIS\AppData\Local\Microsoft\WindowsApps;C:\Users\AFIS\AppData\Local\Programs\Microsoft VS Code\bin;C:\Users\AFIS\AppData\Local\Android\Sdk;C:\Users\AFIS\AppData\Local\GitHubDesktop\bin;C:\Users\AFIS\Desktop\Flutter\flutter\bin;C:\Users\AFIS\AppData\Roaming\npm;C:\Users\AFIS\AppData\Local\Programs\Antigravity\bin;C:\Users\AFIS\AppData\Local\Android\Sdk\platform-tools;
USERNAME=AFIS
OS=Windows_NT
PROCESSOR_IDENTIFIER=Intel64 Family 6 Model 140 Stepping 1, GenuineIntel
TMP=C:\Users\AFIS\AppData\Local\Temp
TEMP=C:\Users\AFIS\AppData\Local\Temp




Periodic native trim disabled

---------------  S Y S T E M  ---------------

OS:
 Windows 11 , 64 bit Build 26100 (10.0.26100.8246)
OS uptime: 0 days 19:54 hours
Hyper-V role detected

CPU: total 4 (initial active 4) (2 cores per cpu, 2 threads per core) family 6 model 140 stepping 1 microcode 0xb4, cx8, cmov, fxsr, ht, mmx, 3dnowpref, sse, sse2, sse3, ssse3, sse4.1, sse4.2, popcnt, lzcnt, tsc, tscinvbit, avx, avx2, aes, erms, clmul, bmi1, bmi2, adx, avx512f, avx512dq, avx512cd, avx512bw, avx512vl, sha, fma, vzeroupper, avx512_vpopcntdq, avx512_vpclmulqdq, avx512_vaes, avx512_vnni, clflush, clflushopt, clwb, avx512_vbmi2, avx512_vbmi, hv, rdtscp, rdpid, fsrm, gfni, avx512_bitalg, f16c, cet_ibt, cet_ss, avx512_ifma
Processor Information for the first 4 processors :
  Max Mhz: 2901, Current Mhz: 2901, Mhz Limit: 2901

Memory: 4k page, system-wide physical 7834M (670M free)
TotalPageFile size 31386M (AvailPageFile size 0M)
current process WorkingSet (physical memory assigned to process): 478M, peak: 533M
current process commit charge ("private bytes"): 780M, peak: 782M

vm_info: OpenJDK 64-Bit Server VM (21.0.10+7-LTS) for windows-amd64 JRE (21.0.10+7-LTS), built on 2026-01-20T00:00:00Z by "admin" with MS VC++ 17.12 (VS2022)

END.
